<?xml version="1.0" encoding="UTF-8"?>
<testsuites name="createContact" time="103.75" tests="4" failures="0" errors="0">
   <testsuite name="createContact" tests="4" failures="0" errors="0" time="103.75" skipped="0" timestamp="2023-06-09 14:31:39" hostname="deep - SF-CPU-460" id="Test Suites/createContact">
      <properties>
         <property name="deviceName" value=""/>
         <property name="devicePlatform" value=""/>
         <property name="logFolder" value="/home/deep/git/FinalAssignmentKatalon/Reports/20230609_143132/createContact/20230609_143133"/>
         <property name="logFiles" value="/home/deep/git/FinalAssignmentKatalon/Reports/20230609_143132/createContact/20230609_143133/execution0.log"/>
         <property name="attachments" value=""/>
         <property name="hostName" value="deep - SF-CPU-460"/>
         <property name="os" value="Linux 64bit"/>
         <property name="katalonVersion" value="8.6.0.208"/>
         <property name="browser" value="Chrome 109.0.0.0"/>
         <property name="hostAddress" value="127.0.1.1"/>
         <property name="sessionId" value="598528a813632aaacc146e2f5b351a6d"/>
         <property name="seleniumVersion" value="3.141.59"/>
         <property name="proxyInformation" value="ProxyInformation { proxyOption=NO_PROXY, proxyServerType=HTTP, username=, password=********, proxyServerAddress=, proxyServerPort=0, executionList=&quot;&quot;, isApplyToDesiredCapabilities=true }"/>
         <property name="platform" value="Linux"/>
      </properties>
      <testcase name="Test Cases/createContact" time="27.255" classname="Test Cases/createContact" status="PASSED">
         <system-out><![CDATA[2023-06-09 14:31:41 - [TEST_CASE][PASSED] - Test Cases/createContact: Test Cases/createContact

2023-06-09 14:31:41 - [TEST_STEP][PASSED] - Start listener action : maximize: Current window maximized

2023-06-09 14:31:41 - [TEST_STEP][PASSED] - maximizeWindow(): Current window maximized

2023-06-09 14:31:41 - [MESSAGE][PASSED] - Current window maximized

2023-06-09 14:31:41 - [TEST_STEP][PASSED] - Start setup action : login: Method 'login' complete successfully

2023-06-09 14:31:41 - [TEST_STEP][PASSED] - navigateToUrl(URL): Navigate to 'https://ui.cogmento.com/' successfully

2023-06-09 14:31:44 - [MESSAGE][PASSED] - Navigate to 'https://ui.cogmento.com/' successfully

2023-06-09 14:31:44 - [TEST_STEP][PASSED] - username_object = "Object Repository/cogmento/createContact/input_Login_email": null

2023-06-09 14:31:44 - [TEST_STEP][PASSED] - password_object = "Object Repository/cogmento/createContact/input_Login_password": null

2023-06-09 14:31:44 - [TEST_STEP][PASSED] - loginBtn_object = "Object Repository/cogmento/createContact/div_Login": null

2023-06-09 14:31:44 - [TEST_STEP][PASSED] - com.LoginCogmento.Login(username_object, password_object, loginBtn_object, username, password): com.LoginCogmento.Login is PASSED

2023-06-09 14:31:45 - [MESSAGE][PASSED] - Text 'deep.p@simformsolutions.com' is set on object 'Object Repository/cogmento/createContact/input_Login_email'

2023-06-09 14:31:46 - [MESSAGE][PASSED] - Text 'Deep@123' is set on object 'Object Repository/cogmento/createContact/input_Login_password'

2023-06-09 14:31:47 - [MESSAGE][PASSED] - Object: 'Object Repository/cogmento/createContact/div_Login' is clicked on

2023-06-09 14:31:47 - [MESSAGE][PASSED] - com.LoginCogmento.Login is PASSED

2023-06-09 14:31:47 - [MESSAGE][PASSED] - Method 'login' complete successfully

2023-06-09 14:31:47 - [TEST_STEP][PASSED] - verifyMatch(getUrl(), URL, false): Actual text 'https://ui.cogmento.com/' and expected text 'https://ui.cogmento.com/' are matched 

2023-06-09 14:31:47 - [MESSAGE][PASSED] - Current window's url is: 'https://ui.cogmento.com/'

2023-06-09 14:31:47 - [MESSAGE][PASSED] - Actual text 'https://ui.cogmento.com/' and expected text 'https://ui.cogmento.com/' are matched 

2023-06-09 14:31:47 - [TEST_STEP][PASSED] - assert getWindowTitle() == "Cogmento CRM": Current window's title is: 'Cogmento CRM'

2023-06-09 14:31:47 - [MESSAGE][PASSED] - Current window's title is: 'Cogmento CRM'

2023-06-09 14:31:47 - [TEST_STEP][PASSED] - doNotTextObject = "Object Repository/cogmento/test/Page_Cogmento CRM/label_Do not Text": null

2023-06-09 14:31:47 - [TEST_STEP][PASSED] - doNotMailObject = "Object Repository/cogmento/test/Page_Cogmento CRM/label_Do not Email": null

2023-06-09 14:31:47 - [TEST_STEP][PASSED] - doNotCallObject = "Object Repository/cogmento/test/Page_Cogmento CRM/Page_Cogmento CRM/label_Do not Call": null

2023-06-09 14:31:47 - [TEST_STEP][PASSED] - click(findTestObject("Object Repository/cogmento/createContact/i_Calendar_users icon")): Object: 'Object Repository/cogmento/createContact/i_Calendar_users icon' is clicked on

2023-06-09 14:31:51 - [MESSAGE][PASSED] - Object: 'Object Repository/cogmento/createContact/i_Calendar_users icon' is clicked on

2023-06-09 14:31:51 - [TEST_STEP][PASSED] - click(findTestObject("Object Repository/cogmento/createContact/button_Create")): Object: 'Object Repository/cogmento/createContact/button_Create' is clicked on

2023-06-09 14:31:52 - [MESSAGE][PASSED] - Object: 'Object Repository/cogmento/createContact/button_Create' is clicked on

2023-06-09 14:31:52 - [TEST_STEP][PASSED] - setText(findTestObject("Object Repository/cogmento/createContact/input_First Name_first_name"), FirstName): Text 'Deep' is set on object 'Object Repository/cogmento/createContact/input_First Name_first_name'

2023-06-09 14:31:54 - [MESSAGE][PASSED] - Text 'Deep' is set on object 'Object Repository/cogmento/createContact/input_First Name_first_name'

2023-06-09 14:31:54 - [TEST_STEP][PASSED] - setText(findTestObject("Object Repository/cogmento/createContact/input_Last Name_last_name"), LastName): Text 'Patel' is set on object 'Object Repository/cogmento/createContact/input_Last Name_last_name'

2023-06-09 14:31:55 - [MESSAGE][PASSED] - Text 'Patel' is set on object 'Object Repository/cogmento/createContact/input_Last Name_last_name'

2023-06-09 14:31:55 - [TEST_STEP][PASSED] - setText(findTestObject("Object Repository/cogmento/test/Page_Cogmento CRM/input_Middle Name(s)_middle_name"), MiddleName): Text 'Rakeshbhai' is set on object 'Object Repository/cogmento/test/Page_Cogmento CRM/input_Middle Name(s)_middle_name'

2023-06-09 14:31:56 - [MESSAGE][PASSED] - Text 'Rakeshbhai' is set on object 'Object Repository/cogmento/test/Page_Cogmento CRM/input_Middle Name(s)_middle_name'

2023-06-09 14:31:56 - [TEST_STEP][PASSED] - setText(findTestObject("Object Repository/cogmento/test/Page_Cogmento CRM/input_Email_value"), Email): Text 'deep@gmail.com' is set on object 'Object Repository/cogmento/test/Page_Cogmento CRM/input_Email_value'

2023-06-09 14:31:57 - [MESSAGE][PASSED] - Text 'deep@gmail.com' is set on object 'Object Repository/cogmento/test/Page_Cogmento CRM/input_Email_value'

2023-06-09 14:31:57 - [TEST_STEP][PASSED] - com.LoginCogmento.DoNotText(doNotCallObject, Call, "Do not Call"): com.LoginCogmento.DoNotText is PASSED

2023-06-09 14:31:58 - [MESSAGE][PASSED] - Object: 'Object Repository/cogmento/test/Page_Cogmento CRM/Page_Cogmento CRM/label_Do not Call' is clicked on

2023-06-09 14:31:58 - [MESSAGE][PASSED] - com.LoginCogmento.DoNotText is PASSED

2023-06-09 14:31:58 - [TEST_STEP][PASSED] - com.LoginCogmento.DoNotText(doNotTextObject, Text, "Do not Text"): com.LoginCogmento.DoNotText is PASSED

2023-06-09 14:31:58 - [MESSAGE][PASSED] - Object: 'Object Repository/cogmento/test/Page_Cogmento CRM/label_Do not Text' is clicked on

2023-06-09 14:31:58 - [MESSAGE][PASSED] - com.LoginCogmento.DoNotText is PASSED

2023-06-09 14:31:58 - [TEST_STEP][PASSED] - com.LoginCogmento.DoNotText(doNotMailObject, DoEmail, "Do not Mail"): com.LoginCogmento.DoNotText is PASSED

2023-06-09 14:31:58 - [MESSAGE][PASSED] - com.LoginCogmento.DoNotText is PASSED

2023-06-09 14:31:58 - [TEST_STEP][PASSED] - setText(findTestObject("Object Repository/cogmento/test/Page_Cogmento CRM/input_Birthday_day"), BirthDay): Text '22' is set on object 'Object Repository/cogmento/test/Page_Cogmento CRM/input_Birthday_day'

2023-06-09 14:31:59 - [MESSAGE][PASSED] - Text '22' is set on object 'Object Repository/cogmento/test/Page_Cogmento CRM/input_Birthday_day'

2023-06-09 14:31:59 - [TEST_STEP][PASSED] - click(findTestObject("Object Repository/cogmento/test/Page_Cogmento CRM/div_October JanuaryFebruaryMarchAprilMayJun_aa3d2b")): Object: 'Object Repository/cogmento/test/Page_Cogmento CRM/div_October JanuaryFebruaryMarchAprilMayJun_aa3d2b' is clicked on

2023-06-09 14:31:59 - [MESSAGE][PASSED] - Object: 'Object Repository/cogmento/test/Page_Cogmento CRM/div_October JanuaryFebruaryMarchAprilMayJun_aa3d2b' is clicked on

2023-06-09 14:31:59 - [TEST_STEP][PASSED] - click(findTestObject("Object Repository/cogmento/test/Page_Cogmento CRM/span_December", ["EmpMonth":BirthMonth])): Object: 'Object Repository/cogmento/test/Page_Cogmento CRM/span_December' is clicked on

2023-06-09 14:32:00 - [MESSAGE][PASSED] - Object: 'Object Repository/cogmento/test/Page_Cogmento CRM/span_December' is clicked on

2023-06-09 14:32:00 - [TEST_STEP][PASSED] - setText(findTestObject("Object Repository/cogmento/test/Page_Cogmento CRM/input_December_year"), BirthYear): Text '2001' is set on object 'Object Repository/cogmento/test/Page_Cogmento CRM/input_December_year'

2023-06-09 14:32:01 - [MESSAGE][PASSED] - Text '2001' is set on object 'Object Repository/cogmento/test/Page_Cogmento CRM/input_December_year'

2023-06-09 14:32:01 - [TEST_STEP][PASSED] - click(findTestObject("Object Repository/cogmento/createContact/button_Save")): Object: 'Object Repository/cogmento/createContact/button_Save' is clicked on

2023-06-09 14:32:01 - [MESSAGE][PASSED] - Object: 'Object Repository/cogmento/createContact/button_Save' is clicked on

2023-06-09 14:32:01 - [TEST_STEP][PASSED] - try: Text 'Deep Patel' is present on page 

2023-06-09 14:32:01 - [TEST_STEP][PASSED] - verifyTextPresent(FirstName + " " + LastName, false): Text 'Deep Patel' is present on page 

2023-06-09 14:32:03 - [MESSAGE][PASSED] - Text 'Deep Patel' is present on page 

2023-06-09 14:32:03 - [TEST_STEP][PASSED] - Start tear down : logout: Method 'logout' complete successfully

2023-06-09 14:32:03 - [TEST_STEP][PASSED] - try: Text 'Forgot your password?' is present on page 

2023-06-09 14:32:03 - [TEST_STEP][PASSED] - waitForPageLoad(5): Wait for page load successfully

2023-06-09 14:32:03 - [MESSAGE][PASSED] - Wait for page load successfully

2023-06-09 14:32:03 - [TEST_STEP][PASSED] - click(findTestObject("Object Repository/cogmento/createContact/i_Free account_settings icon")): Object: 'Object Repository/cogmento/createContact/i_Free account_settings icon' is clicked on

2023-06-09 14:32:04 - [MESSAGE][PASSED] - Object: 'Object Repository/cogmento/createContact/i_Free account_settings icon' is clicked on

2023-06-09 14:32:04 - [TEST_STEP][PASSED] - click(findTestObject("Object Repository/cogmento/createContact/span_Log Out")): Object: 'Object Repository/cogmento/createContact/span_Log Out' is clicked on

2023-06-09 14:32:05 - [MESSAGE][PASSED] - Object: 'Object Repository/cogmento/createContact/span_Log Out' is clicked on

2023-06-09 14:32:05 - [TEST_STEP][PASSED] - waitForPageLoad(5): Wait for page load successfully

2023-06-09 14:32:05 - [MESSAGE][PASSED] - Wait for page load successfully

2023-06-09 14:32:05 - [TEST_STEP][PASSED] - verifyTextPresent("Forgot your password?", false): Text 'Forgot your password?' is present on page 

2023-06-09 14:32:08 - [MESSAGE][PASSED] - Text 'Forgot your password?' is present on page 

2023-06-09 14:32:08 - [MESSAGE][PASSED] - Method 'logout' complete successfully

2023-06-09 14:32:08 - [TEST_STEP][PASSED] - Start listener action : assertmessage: null

2023-06-09 14:32:08 - [TEST_STEP][PASSED] - println("Testcase Run successfully."): null]]></system-out>
         <system-err><![CDATA[]]></system-err>
      </testcase>
      <testcase name="Test Cases/createContact" time="22.504" classname="Test Cases/createContact" status="PASSED">
         <system-out><![CDATA[2023-06-09 14:32:08 - [TEST_CASE][PASSED] - Test Cases/createContact: Test Cases/createContact

2023-06-09 14:32:08 - [TEST_STEP][PASSED] - Start listener action : maximize: Current window maximized

2023-06-09 14:32:08 - [TEST_STEP][PASSED] - maximizeWindow(): Current window maximized

2023-06-09 14:32:08 - [MESSAGE][PASSED] - Current window maximized

2023-06-09 14:32:08 - [TEST_STEP][PASSED] - Start setup action : login: Method 'login' complete successfully

2023-06-09 14:32:08 - [TEST_STEP][PASSED] - navigateToUrl(URL): Navigate to 'https://ui.cogmento.com/' successfully

2023-06-09 14:32:09 - [MESSAGE][PASSED] - Navigate to 'https://ui.cogmento.com/' successfully

2023-06-09 14:32:09 - [TEST_STEP][PASSED] - username_object = "Object Repository/cogmento/createContact/input_Login_email": null

2023-06-09 14:32:09 - [TEST_STEP][PASSED] - password_object = "Object Repository/cogmento/createContact/input_Login_password": null

2023-06-09 14:32:09 - [TEST_STEP][PASSED] - loginBtn_object = "Object Repository/cogmento/createContact/div_Login": null

2023-06-09 14:32:09 - [TEST_STEP][PASSED] - com.LoginCogmento.Login(username_object, password_object, loginBtn_object, username, password): com.LoginCogmento.Login is PASSED

2023-06-09 14:32:10 - [MESSAGE][PASSED] - Text 'deep.p@simformsolutions.com' is set on object 'Object Repository/cogmento/createContact/input_Login_email'

2023-06-09 14:32:11 - [MESSAGE][PASSED] - Text 'Deep@123' is set on object 'Object Repository/cogmento/createContact/input_Login_password'

2023-06-09 14:32:12 - [MESSAGE][PASSED] - Object: 'Object Repository/cogmento/createContact/div_Login' is clicked on

2023-06-09 14:32:12 - [MESSAGE][PASSED] - com.LoginCogmento.Login is PASSED

2023-06-09 14:32:12 - [MESSAGE][PASSED] - Method 'login' complete successfully

2023-06-09 14:32:12 - [TEST_STEP][PASSED] - verifyMatch(getUrl(), URL, false): Actual text 'https://ui.cogmento.com/' and expected text 'https://ui.cogmento.com/' are matched 

2023-06-09 14:32:12 - [MESSAGE][PASSED] - Current window's url is: 'https://ui.cogmento.com/'

2023-06-09 14:32:12 - [MESSAGE][PASSED] - Actual text 'https://ui.cogmento.com/' and expected text 'https://ui.cogmento.com/' are matched 

2023-06-09 14:32:12 - [TEST_STEP][PASSED] - assert getWindowTitle() == "Cogmento CRM": Current window's title is: 'Cogmento CRM'

2023-06-09 14:32:12 - [MESSAGE][PASSED] - Current window's title is: 'Cogmento CRM'

2023-06-09 14:32:12 - [TEST_STEP][PASSED] - doNotTextObject = "Object Repository/cogmento/test/Page_Cogmento CRM/label_Do not Text": null

2023-06-09 14:32:12 - [TEST_STEP][PASSED] - doNotMailObject = "Object Repository/cogmento/test/Page_Cogmento CRM/label_Do not Email": null

2023-06-09 14:32:12 - [TEST_STEP][PASSED] - doNotCallObject = "Object Repository/cogmento/test/Page_Cogmento CRM/Page_Cogmento CRM/label_Do not Call": null

2023-06-09 14:32:12 - [TEST_STEP][PASSED] - click(findTestObject("Object Repository/cogmento/createContact/i_Calendar_users icon")): Object: 'Object Repository/cogmento/createContact/i_Calendar_users icon' is clicked on

2023-06-09 14:32:14 - [MESSAGE][PASSED] - Object: 'Object Repository/cogmento/createContact/i_Calendar_users icon' is clicked on

2023-06-09 14:32:14 - [TEST_STEP][PASSED] - click(findTestObject("Object Repository/cogmento/createContact/button_Create")): Object: 'Object Repository/cogmento/createContact/button_Create' is clicked on

2023-06-09 14:32:15 - [MESSAGE][PASSED] - Object: 'Object Repository/cogmento/createContact/button_Create' is clicked on

2023-06-09 14:32:15 - [TEST_STEP][PASSED] - setText(findTestObject("Object Repository/cogmento/createContact/input_First Name_first_name"), FirstName): Text 'Dharm' is set on object 'Object Repository/cogmento/createContact/input_First Name_first_name'

2023-06-09 14:32:16 - [MESSAGE][PASSED] - Text 'Dharm' is set on object 'Object Repository/cogmento/createContact/input_First Name_first_name'

2023-06-09 14:32:16 - [TEST_STEP][PASSED] - setText(findTestObject("Object Repository/cogmento/createContact/input_Last Name_last_name"), LastName): Text 'Patel' is set on object 'Object Repository/cogmento/createContact/input_Last Name_last_name'

2023-06-09 14:32:17 - [MESSAGE][PASSED] - Text 'Patel' is set on object 'Object Repository/cogmento/createContact/input_Last Name_last_name'

2023-06-09 14:32:17 - [TEST_STEP][PASSED] - setText(findTestObject("Object Repository/cogmento/test/Page_Cogmento CRM/input_Middle Name(s)_middle_name"), MiddleName): Text 'Keyurkumar' is set on object 'Object Repository/cogmento/test/Page_Cogmento CRM/input_Middle Name(s)_middle_name'

2023-06-09 14:32:19 - [MESSAGE][PASSED] - Text 'Keyurkumar' is set on object 'Object Repository/cogmento/test/Page_Cogmento CRM/input_Middle Name(s)_middle_name'

2023-06-09 14:32:19 - [TEST_STEP][PASSED] - setText(findTestObject("Object Repository/cogmento/test/Page_Cogmento CRM/input_Email_value"), Email): Text 'dharm@gmail.com' is set on object 'Object Repository/cogmento/test/Page_Cogmento CRM/input_Email_value'

2023-06-09 14:32:20 - [MESSAGE][PASSED] - Text 'dharm@gmail.com' is set on object 'Object Repository/cogmento/test/Page_Cogmento CRM/input_Email_value'

2023-06-09 14:32:20 - [TEST_STEP][PASSED] - com.LoginCogmento.DoNotText(doNotCallObject, Call, "Do not Call"): com.LoginCogmento.DoNotText is PASSED

2023-06-09 14:32:20 - [MESSAGE][PASSED] - com.LoginCogmento.DoNotText is PASSED

2023-06-09 14:32:20 - [TEST_STEP][PASSED] - com.LoginCogmento.DoNotText(doNotTextObject, Text, "Do not Text"): com.LoginCogmento.DoNotText is PASSED

2023-06-09 14:32:20 - [MESSAGE][PASSED] - Object: 'Object Repository/cogmento/test/Page_Cogmento CRM/label_Do not Text' is clicked on

2023-06-09 14:32:20 - [MESSAGE][PASSED] - com.LoginCogmento.DoNotText is PASSED

2023-06-09 14:32:20 - [TEST_STEP][PASSED] - com.LoginCogmento.DoNotText(doNotMailObject, DoEmail, "Do not Mail"): com.LoginCogmento.DoNotText is PASSED

2023-06-09 14:32:22 - [MESSAGE][INFO] - Unable to find the element located by 'By.xpath: //div[@class='ui toggle checkbox']//label[contains(text(),'Do not Mail')]'. Please recheck the objects properties to make sure the desired element is located. 

2023-06-09 14:32:22 - [MESSAGE][WARNING] - [SELF-HEALING] Failed to find element with id 'Object Repository/cogmento/test/Page_Cogmento CRM/label_Do not Email'. Try using Self-healing.

2023-06-09 14:32:22 - [MESSAGE][WARNING] - [SELF-HEALING] The current locator of test object 'Object Repository/cogmento/test/Page_Cogmento CRM/label_Do not Email' was broken. Propose an alternative one: '//div[@id='main-content']/div/div[2]/form/div[12]/div/div/div/label'.

2023-06-09 14:32:22 - [MESSAGE][PASSED] - Object: 'Object Repository/cogmento/test/Page_Cogmento CRM/label_Do not Email' is clicked on

2023-06-09 14:32:22 - [MESSAGE][PASSED] - com.LoginCogmento.DoNotText is PASSED

2023-06-09 14:32:22 - [TEST_STEP][PASSED] - setText(findTestObject("Object Repository/cogmento/test/Page_Cogmento CRM/input_Birthday_day"), BirthDay): Text '13' is set on object 'Object Repository/cogmento/test/Page_Cogmento CRM/input_Birthday_day'

2023-06-09 14:32:23 - [MESSAGE][PASSED] - Text '13' is set on object 'Object Repository/cogmento/test/Page_Cogmento CRM/input_Birthday_day'

2023-06-09 14:32:23 - [TEST_STEP][PASSED] - click(findTestObject("Object Repository/cogmento/test/Page_Cogmento CRM/div_October JanuaryFebruaryMarchAprilMayJun_aa3d2b")): Object: 'Object Repository/cogmento/test/Page_Cogmento CRM/div_October JanuaryFebruaryMarchAprilMayJun_aa3d2b' is clicked on

2023-06-09 14:32:23 - [MESSAGE][PASSED] - Object: 'Object Repository/cogmento/test/Page_Cogmento CRM/div_October JanuaryFebruaryMarchAprilMayJun_aa3d2b' is clicked on

2023-06-09 14:32:23 - [TEST_STEP][PASSED] - click(findTestObject("Object Repository/cogmento/test/Page_Cogmento CRM/span_December", ["EmpMonth":BirthMonth])): Object: 'Object Repository/cogmento/test/Page_Cogmento CRM/span_December' is clicked on

2023-06-09 14:32:24 - [MESSAGE][PASSED] - Object: 'Object Repository/cogmento/test/Page_Cogmento CRM/span_December' is clicked on

2023-06-09 14:32:24 - [TEST_STEP][PASSED] - setText(findTestObject("Object Repository/cogmento/test/Page_Cogmento CRM/input_December_year"), BirthYear): Text '2002' is set on object 'Object Repository/cogmento/test/Page_Cogmento CRM/input_December_year'

2023-06-09 14:32:25 - [MESSAGE][PASSED] - Text '2002' is set on object 'Object Repository/cogmento/test/Page_Cogmento CRM/input_December_year'

2023-06-09 14:32:25 - [TEST_STEP][PASSED] - click(findTestObject("Object Repository/cogmento/createContact/button_Save")): Object: 'Object Repository/cogmento/createContact/button_Save' is clicked on

2023-06-09 14:32:25 - [MESSAGE][PASSED] - Object: 'Object Repository/cogmento/createContact/button_Save' is clicked on

2023-06-09 14:32:25 - [TEST_STEP][PASSED] - try: Text 'Dharm Patel' is present on page 

2023-06-09 14:32:25 - [TEST_STEP][PASSED] - verifyTextPresent(FirstName + " " + LastName, false): Text 'Dharm Patel' is present on page 

2023-06-09 14:32:26 - [MESSAGE][PASSED] - Text 'Dharm Patel' is present on page 

2023-06-09 14:32:26 - [TEST_STEP][PASSED] - Start tear down : logout: Method 'logout' complete successfully

2023-06-09 14:32:26 - [TEST_STEP][PASSED] - try: Text 'Forgot your password?' is present on page 

2023-06-09 14:32:26 - [TEST_STEP][PASSED] - waitForPageLoad(5): Wait for page load successfully

2023-06-09 14:32:26 - [MESSAGE][PASSED] - Wait for page load successfully

2023-06-09 14:32:26 - [TEST_STEP][PASSED] - click(findTestObject("Object Repository/cogmento/createContact/i_Free account_settings icon")): Object: 'Object Repository/cogmento/createContact/i_Free account_settings icon' is clicked on

2023-06-09 14:32:27 - [MESSAGE][PASSED] - Object: 'Object Repository/cogmento/createContact/i_Free account_settings icon' is clicked on

2023-06-09 14:32:27 - [TEST_STEP][PASSED] - click(findTestObject("Object Repository/cogmento/createContact/span_Log Out")): Object: 'Object Repository/cogmento/createContact/span_Log Out' is clicked on

2023-06-09 14:32:28 - [MESSAGE][PASSED] - Object: 'Object Repository/cogmento/createContact/span_Log Out' is clicked on

2023-06-09 14:32:28 - [TEST_STEP][PASSED] - waitForPageLoad(5): Wait for page load successfully

2023-06-09 14:32:28 - [MESSAGE][PASSED] - Wait for page load successfully

2023-06-09 14:32:28 - [TEST_STEP][PASSED] - verifyTextPresent("Forgot your password?", false): Text 'Forgot your password?' is present on page 

2023-06-09 14:32:30 - [MESSAGE][PASSED] - Text 'Forgot your password?' is present on page 

2023-06-09 14:32:30 - [MESSAGE][PASSED] - Method 'logout' complete successfully

2023-06-09 14:32:30 - [TEST_STEP][PASSED] - Start listener action : assertmessage: null

2023-06-09 14:32:30 - [TEST_STEP][PASSED] - println("Testcase Run successfully."): null]]></system-out>
         <system-err><![CDATA[]]></system-err>
      </testcase>
      <testcase name="Test Cases/createContact" time="21.845" classname="Test Cases/createContact" status="PASSED">
         <system-out><![CDATA[2023-06-09 14:32:31 - [TEST_CASE][PASSED] - Test Cases/createContact: Test Cases/createContact

2023-06-09 14:32:31 - [TEST_STEP][PASSED] - Start listener action : maximize: Current window maximized

2023-06-09 14:32:31 - [TEST_STEP][PASSED] - maximizeWindow(): Current window maximized

2023-06-09 14:32:31 - [MESSAGE][PASSED] - Current window maximized

2023-06-09 14:32:31 - [TEST_STEP][PASSED] - Start setup action : login: Method 'login' complete successfully

2023-06-09 14:32:31 - [TEST_STEP][PASSED] - navigateToUrl(URL): Navigate to 'https://ui.cogmento.com/' successfully

2023-06-09 14:32:32 - [MESSAGE][PASSED] - Navigate to 'https://ui.cogmento.com/' successfully

2023-06-09 14:32:32 - [TEST_STEP][PASSED] - username_object = "Object Repository/cogmento/createContact/input_Login_email": null

2023-06-09 14:32:32 - [TEST_STEP][PASSED] - password_object = "Object Repository/cogmento/createContact/input_Login_password": null

2023-06-09 14:32:32 - [TEST_STEP][PASSED] - loginBtn_object = "Object Repository/cogmento/createContact/div_Login": null

2023-06-09 14:32:32 - [TEST_STEP][PASSED] - com.LoginCogmento.Login(username_object, password_object, loginBtn_object, username, password): com.LoginCogmento.Login is PASSED

2023-06-09 14:32:33 - [MESSAGE][PASSED] - Text 'deep.p@simformsolutions.com' is set on object 'Object Repository/cogmento/createContact/input_Login_email'

2023-06-09 14:32:33 - [MESSAGE][PASSED] - Text 'Deep@123' is set on object 'Object Repository/cogmento/createContact/input_Login_password'

2023-06-09 14:32:34 - [MESSAGE][PASSED] - Object: 'Object Repository/cogmento/createContact/div_Login' is clicked on

2023-06-09 14:32:34 - [MESSAGE][PASSED] - com.LoginCogmento.Login is PASSED

2023-06-09 14:32:34 - [MESSAGE][PASSED] - Method 'login' complete successfully

2023-06-09 14:32:34 - [TEST_STEP][PASSED] - verifyMatch(getUrl(), URL, false): Actual text 'https://ui.cogmento.com/' and expected text 'https://ui.cogmento.com/' are matched 

2023-06-09 14:32:34 - [MESSAGE][PASSED] - Current window's url is: 'https://ui.cogmento.com/'

2023-06-09 14:32:34 - [MESSAGE][PASSED] - Actual text 'https://ui.cogmento.com/' and expected text 'https://ui.cogmento.com/' are matched 

2023-06-09 14:32:34 - [TEST_STEP][PASSED] - assert getWindowTitle() == "Cogmento CRM": Current window's title is: 'Cogmento CRM'

2023-06-09 14:32:34 - [MESSAGE][PASSED] - Current window's title is: 'Cogmento CRM'

2023-06-09 14:32:34 - [TEST_STEP][PASSED] - doNotTextObject = "Object Repository/cogmento/test/Page_Cogmento CRM/label_Do not Text": null

2023-06-09 14:32:34 - [TEST_STEP][PASSED] - doNotMailObject = "Object Repository/cogmento/test/Page_Cogmento CRM/label_Do not Email": null

2023-06-09 14:32:34 - [TEST_STEP][PASSED] - doNotCallObject = "Object Repository/cogmento/test/Page_Cogmento CRM/Page_Cogmento CRM/label_Do not Call": null

2023-06-09 14:32:34 - [TEST_STEP][PASSED] - click(findTestObject("Object Repository/cogmento/createContact/i_Calendar_users icon")): Object: 'Object Repository/cogmento/createContact/i_Calendar_users icon' is clicked on

2023-06-09 14:32:36 - [MESSAGE][PASSED] - Object: 'Object Repository/cogmento/createContact/i_Calendar_users icon' is clicked on

2023-06-09 14:32:36 - [TEST_STEP][PASSED] - click(findTestObject("Object Repository/cogmento/createContact/button_Create")): Object: 'Object Repository/cogmento/createContact/button_Create' is clicked on

2023-06-09 14:32:37 - [MESSAGE][PASSED] - Object: 'Object Repository/cogmento/createContact/button_Create' is clicked on

2023-06-09 14:32:37 - [TEST_STEP][PASSED] - setText(findTestObject("Object Repository/cogmento/createContact/input_First Name_first_name"), FirstName): Text 'Kunj' is set on object 'Object Repository/cogmento/createContact/input_First Name_first_name'

2023-06-09 14:32:39 - [MESSAGE][PASSED] - Text 'Kunj' is set on object 'Object Repository/cogmento/createContact/input_First Name_first_name'

2023-06-09 14:32:39 - [TEST_STEP][PASSED] - setText(findTestObject("Object Repository/cogmento/createContact/input_Last Name_last_name"), LastName): Text 'Kaneria' is set on object 'Object Repository/cogmento/createContact/input_Last Name_last_name'

2023-06-09 14:32:40 - [MESSAGE][PASSED] - Text 'Kaneria' is set on object 'Object Repository/cogmento/createContact/input_Last Name_last_name'

2023-06-09 14:32:40 - [TEST_STEP][PASSED] - setText(findTestObject("Object Repository/cogmento/test/Page_Cogmento CRM/input_Middle Name(s)_middle_name"), MiddleName): Text 'Prafulkumar' is set on object 'Object Repository/cogmento/test/Page_Cogmento CRM/input_Middle Name(s)_middle_name'

2023-06-09 14:32:41 - [MESSAGE][PASSED] - Text 'Prafulkumar' is set on object 'Object Repository/cogmento/test/Page_Cogmento CRM/input_Middle Name(s)_middle_name'

2023-06-09 14:32:41 - [TEST_STEP][PASSED] - setText(findTestObject("Object Repository/cogmento/test/Page_Cogmento CRM/input_Email_value"), Email): Text 'kunj@gmail.com' is set on object 'Object Repository/cogmento/test/Page_Cogmento CRM/input_Email_value'

2023-06-09 14:32:42 - [MESSAGE][PASSED] - Text 'kunj@gmail.com' is set on object 'Object Repository/cogmento/test/Page_Cogmento CRM/input_Email_value'

2023-06-09 14:32:42 - [TEST_STEP][PASSED] - com.LoginCogmento.DoNotText(doNotCallObject, Call, "Do not Call"): com.LoginCogmento.DoNotText is PASSED

2023-06-09 14:32:42 - [MESSAGE][PASSED] - com.LoginCogmento.DoNotText is PASSED

2023-06-09 14:32:42 - [TEST_STEP][PASSED] - com.LoginCogmento.DoNotText(doNotTextObject, Text, "Do not Text"): com.LoginCogmento.DoNotText is PASSED

2023-06-09 14:32:42 - [MESSAGE][PASSED] - com.LoginCogmento.DoNotText is PASSED

2023-06-09 14:32:42 - [TEST_STEP][PASSED] - com.LoginCogmento.DoNotText(doNotMailObject, DoEmail, "Do not Mail"): com.LoginCogmento.DoNotText is PASSED

2023-06-09 14:32:43 - [MESSAGE][INFO] - Unable to find the element located by 'By.xpath: //div[@class='ui toggle checkbox']//label[contains(text(),'Do not Mail')]'. Please recheck the objects properties to make sure the desired element is located. 

2023-06-09 14:32:43 - [MESSAGE][WARNING] - [SELF-HEALING] Failed to find element with id 'Object Repository/cogmento/test/Page_Cogmento CRM/label_Do not Email'. Try using Self-healing.

2023-06-09 14:32:44 - [MESSAGE][WARNING] - [SELF-HEALING] The current locator of test object 'Object Repository/cogmento/test/Page_Cogmento CRM/label_Do not Email' was broken. Propose an alternative one: '//div[@id='main-content']/div/div[2]/form/div[12]/div/div/div/label'.

2023-06-09 14:32:44 - [MESSAGE][PASSED] - Object: 'Object Repository/cogmento/test/Page_Cogmento CRM/label_Do not Email' is clicked on

2023-06-09 14:32:44 - [MESSAGE][PASSED] - com.LoginCogmento.DoNotText is PASSED

2023-06-09 14:32:44 - [TEST_STEP][PASSED] - setText(findTestObject("Object Repository/cogmento/test/Page_Cogmento CRM/input_Birthday_day"), BirthDay): Text '24' is set on object 'Object Repository/cogmento/test/Page_Cogmento CRM/input_Birthday_day'

2023-06-09 14:32:45 - [MESSAGE][PASSED] - Text '24' is set on object 'Object Repository/cogmento/test/Page_Cogmento CRM/input_Birthday_day'

2023-06-09 14:32:45 - [TEST_STEP][PASSED] - click(findTestObject("Object Repository/cogmento/test/Page_Cogmento CRM/div_October JanuaryFebruaryMarchAprilMayJun_aa3d2b")): Object: 'Object Repository/cogmento/test/Page_Cogmento CRM/div_October JanuaryFebruaryMarchAprilMayJun_aa3d2b' is clicked on

2023-06-09 14:32:45 - [MESSAGE][PASSED] - Object: 'Object Repository/cogmento/test/Page_Cogmento CRM/div_October JanuaryFebruaryMarchAprilMayJun_aa3d2b' is clicked on

2023-06-09 14:32:45 - [TEST_STEP][PASSED] - click(findTestObject("Object Repository/cogmento/test/Page_Cogmento CRM/span_December", ["EmpMonth":BirthMonth])): Object: 'Object Repository/cogmento/test/Page_Cogmento CRM/span_December' is clicked on

2023-06-09 14:32:45 - [MESSAGE][PASSED] - Object: 'Object Repository/cogmento/test/Page_Cogmento CRM/span_December' is clicked on

2023-06-09 14:32:45 - [TEST_STEP][PASSED] - setText(findTestObject("Object Repository/cogmento/test/Page_Cogmento CRM/input_December_year"), BirthYear): Text '2003' is set on object 'Object Repository/cogmento/test/Page_Cogmento CRM/input_December_year'

2023-06-09 14:32:47 - [MESSAGE][PASSED] - Text '2003' is set on object 'Object Repository/cogmento/test/Page_Cogmento CRM/input_December_year'

2023-06-09 14:32:47 - [TEST_STEP][PASSED] - click(findTestObject("Object Repository/cogmento/createContact/button_Save")): Object: 'Object Repository/cogmento/createContact/button_Save' is clicked on

2023-06-09 14:32:47 - [MESSAGE][PASSED] - Object: 'Object Repository/cogmento/createContact/button_Save' is clicked on

2023-06-09 14:32:47 - [TEST_STEP][PASSED] - try: Text 'Kunj Kaneria' is present on page 

2023-06-09 14:32:47 - [TEST_STEP][PASSED] - verifyTextPresent(FirstName + " " + LastName, false): Text 'Kunj Kaneria' is present on page 

2023-06-09 14:32:49 - [MESSAGE][PASSED] - Text 'Kunj Kaneria' is present on page 

2023-06-09 14:32:49 - [TEST_STEP][PASSED] - Start tear down : logout: Method 'logout' complete successfully

2023-06-09 14:32:49 - [TEST_STEP][PASSED] - try: Text 'Forgot your password?' is present on page 

2023-06-09 14:32:49 - [TEST_STEP][PASSED] - waitForPageLoad(5): Wait for page load successfully

2023-06-09 14:32:49 - [MESSAGE][PASSED] - Wait for page load successfully

2023-06-09 14:32:49 - [TEST_STEP][PASSED] - click(findTestObject("Object Repository/cogmento/createContact/i_Free account_settings icon")): Object: 'Object Repository/cogmento/createContact/i_Free account_settings icon' is clicked on

2023-06-09 14:32:49 - [MESSAGE][PASSED] - Object: 'Object Repository/cogmento/createContact/i_Free account_settings icon' is clicked on

2023-06-09 14:32:49 - [TEST_STEP][PASSED] - click(findTestObject("Object Repository/cogmento/createContact/span_Log Out")): Object: 'Object Repository/cogmento/createContact/span_Log Out' is clicked on

2023-06-09 14:32:50 - [MESSAGE][PASSED] - Object: 'Object Repository/cogmento/createContact/span_Log Out' is clicked on

2023-06-09 14:32:50 - [TEST_STEP][PASSED] - waitForPageLoad(5): Wait for page load successfully

2023-06-09 14:32:50 - [MESSAGE][PASSED] - Wait for page load successfully

2023-06-09 14:32:50 - [TEST_STEP][PASSED] - verifyTextPresent("Forgot your password?", false): Text 'Forgot your password?' is present on page 

2023-06-09 14:32:52 - [MESSAGE][PASSED] - Text 'Forgot your password?' is present on page 

2023-06-09 14:32:52 - [MESSAGE][PASSED] - Method 'logout' complete successfully

2023-06-09 14:32:52 - [TEST_STEP][PASSED] - Start listener action : assertmessage: null

2023-06-09 14:32:52 - [TEST_STEP][PASSED] - println("Testcase Run successfully."): null]]></system-out>
         <system-err><![CDATA[]]></system-err>
      </testcase>
      <testcase name="Test Cases/updateContact" time="30.869" classname="Test Cases/updateContact" status="PASSED">
         <system-out><![CDATA[2023-06-09 14:32:52 - [TEST_CASE][PASSED] - Test Cases/updateContact: Test Cases/updateContact

2023-06-09 14:32:52 - [TEST_STEP][PASSED] - Start listener action : maximize: Current window maximized

2023-06-09 14:32:52 - [TEST_STEP][PASSED] - maximizeWindow(): Current window maximized

2023-06-09 14:32:52 - [MESSAGE][PASSED] - Current window maximized

2023-06-09 14:32:52 - [TEST_STEP][PASSED] - Start setup action : login: Method 'login' complete successfully

2023-06-09 14:32:53 - [TEST_STEP][PASSED] - navigateToUrl(URL): Navigate to 'https://ui.cogmento.com/' successfully

2023-06-09 14:32:54 - [MESSAGE][PASSED] - Navigate to 'https://ui.cogmento.com/' successfully

2023-06-09 14:32:54 - [TEST_STEP][PASSED] - username_object = "Object Repository/cogmento/createContact/input_Login_email": null

2023-06-09 14:32:54 - [TEST_STEP][PASSED] - password_object = "Object Repository/cogmento/createContact/input_Login_password": null

2023-06-09 14:32:54 - [TEST_STEP][PASSED] - loginBtn_object = "Object Repository/cogmento/createContact/div_Login": null

2023-06-09 14:32:54 - [TEST_STEP][PASSED] - com.LoginCogmento.Login(username_object, password_object, loginBtn_object, username, password): com.LoginCogmento.Login is PASSED

2023-06-09 14:32:55 - [MESSAGE][PASSED] - Text 'deep.p@simformsolutions.com' is set on object 'Object Repository/cogmento/createContact/input_Login_email'

2023-06-09 14:32:56 - [MESSAGE][PASSED] - Text 'Deep@123' is set on object 'Object Repository/cogmento/createContact/input_Login_password'

2023-06-09 14:32:56 - [MESSAGE][PASSED] - Object: 'Object Repository/cogmento/createContact/div_Login' is clicked on

2023-06-09 14:32:56 - [MESSAGE][PASSED] - com.LoginCogmento.Login is PASSED

2023-06-09 14:32:56 - [MESSAGE][PASSED] - Method 'login' complete successfully

2023-06-09 14:32:56 - [TEST_STEP][PASSED] - click(findTestObject("Object Repository/cogmento/updateContact/Page_Cogmento CRM/i_Calendar_users icon")): Object: 'Object Repository/cogmento/updateContact/Page_Cogmento CRM/i_Calendar_users icon' is clicked on

2023-06-09 14:32:58 - [MESSAGE][PASSED] - Object: 'Object Repository/cogmento/updateContact/Page_Cogmento CRM/i_Calendar_users icon' is clicked on

2023-06-09 14:32:58 - [TEST_STEP][PASSED] - click(findTestObject("Object Repository/cogmento/updateContact/Page_Cogmento CRM/a_Kunj Prafulkumar Kaneria")): Object: 'Object Repository/cogmento/updateContact/Page_Cogmento CRM/a_Kunj Prafulkumar Kaneria' is clicked on

2023-06-09 14:33:15 - [MESSAGE][PASSED] - Object: 'Object Repository/cogmento/updateContact/Page_Cogmento CRM/a_Kunj Prafulkumar Kaneria' is clicked on

2023-06-09 14:33:15 - [TEST_STEP][PASSED] - click(findTestObject("Object Repository/cogmento/updateContact/Page_Cogmento CRM/i_Kunj Kaneria_edit icon")): Object: 'Object Repository/cogmento/updateContact/Page_Cogmento CRM/i_Kunj Kaneria_edit icon' is clicked on

2023-06-09 14:33:16 - [MESSAGE][PASSED] - Object: 'Object Repository/cogmento/updateContact/Page_Cogmento CRM/i_Kunj Kaneria_edit icon' is clicked on

2023-06-09 14:33:16 - [TEST_STEP][PASSED] - click(findTestObject("Object Repository/cogmento/updateContact/Page_Cogmento CRM/button_Public")): Object: 'Object Repository/cogmento/updateContact/Page_Cogmento CRM/button_Public' is clicked on

2023-06-09 14:33:17 - [MESSAGE][PASSED] - Object: 'Object Repository/cogmento/updateContact/Page_Cogmento CRM/button_Public' is clicked on

2023-06-09 14:33:17 - [TEST_STEP][PASSED] - click(findTestObject("Object Repository/cogmento/updateContact/Page_Cogmento CRM/button_Save")): Object: 'Object Repository/cogmento/updateContact/Page_Cogmento CRM/button_Save' is clicked on

2023-06-09 14:33:18 - [MESSAGE][PASSED] - Object: 'Object Repository/cogmento/updateContact/Page_Cogmento CRM/button_Save' is clicked on

2023-06-09 14:33:18 - [TEST_STEP][PASSED] - Start tear down : logout: Method 'logout' complete successfully

2023-06-09 14:33:18 - [TEST_STEP][PASSED] - try: Text 'Forgot your password?' is present on page 

2023-06-09 14:33:18 - [TEST_STEP][PASSED] - waitForPageLoad(5): Wait for page load successfully

2023-06-09 14:33:18 - [MESSAGE][PASSED] - Wait for page load successfully

2023-06-09 14:33:18 - [TEST_STEP][PASSED] - click(findTestObject("Object Repository/cogmento/createContact/i_Free account_settings icon")): Object: 'Object Repository/cogmento/createContact/i_Free account_settings icon' is clicked on

2023-06-09 14:33:20 - [MESSAGE][PASSED] - Object: 'Object Repository/cogmento/createContact/i_Free account_settings icon' is clicked on

2023-06-09 14:33:20 - [TEST_STEP][PASSED] - click(findTestObject("Object Repository/cogmento/createContact/span_Log Out")): Object: 'Object Repository/cogmento/createContact/span_Log Out' is clicked on

2023-06-09 14:33:20 - [MESSAGE][PASSED] - Object: 'Object Repository/cogmento/createContact/span_Log Out' is clicked on

2023-06-09 14:33:20 - [TEST_STEP][PASSED] - waitForPageLoad(5): Wait for page load successfully

2023-06-09 14:33:20 - [MESSAGE][PASSED] - Wait for page load successfully

2023-06-09 14:33:20 - [TEST_STEP][PASSED] - verifyTextPresent("Forgot your password?", false): Text 'Forgot your password?' is present on page 

2023-06-09 14:33:23 - [MESSAGE][PASSED] - Text 'Forgot your password?' is present on page 

2023-06-09 14:33:23 - [MESSAGE][PASSED] - Method 'logout' complete successfully

2023-06-09 14:33:23 - [TEST_STEP][PASSED] - Start listener action : assertmessage: null

2023-06-09 14:33:23 - [TEST_STEP][PASSED] - println("Testcase Run successfully."): null]]></system-out>
         <system-err><![CDATA[]]></system-err>
      </testcase>
      <system-out><![CDATA[2023-06-09 14:31:39 - [TEST_SUITE][PASSED] - createContact: Test Cases/updateContact]]></system-out>
      <system-err><![CDATA[]]></system-err>
   </testsuite>
</testsuites>
