<?xml version="1.0" encoding="UTF-8"?>
<testsuites name="createContact" time="76.93" tests="3" failures="0" errors="0">
   <testsuite name="createContact" tests="3" failures="0" errors="0" time="76.93" skipped="0" timestamp="2023-06-09 10:34:07" hostname="deep - SF-CPU-460" id="Test Suites/createContact">
      <properties>
         <property name="deviceName" value=""/>
         <property name="devicePlatform" value=""/>
         <property name="logFolder" value="/home/deep/git/FinalAssignmentKatalon/Reports/20230609_103406/createContact/20230609_103406"/>
         <property name="logFiles" value="/home/deep/git/FinalAssignmentKatalon/Reports/20230609_103406/createContact/20230609_103406/execution0.log"/>
         <property name="attachments" value=""/>
         <property name="hostName" value="deep - SF-CPU-460"/>
         <property name="os" value="Linux 64bit"/>
         <property name="katalonVersion" value="8.6.0.208"/>
         <property name="browser" value="Chrome 109.0.0.0"/>
         <property name="hostAddress" value="127.0.1.1"/>
         <property name="sessionId" value="bece5585e94b8ebc4ab5128153caa94b"/>
         <property name="seleniumVersion" value="3.141.59"/>
         <property name="proxyInformation" value="ProxyInformation { proxyOption=NO_PROXY, proxyServerType=HTTP, username=, password=********, proxyServerAddress=, proxyServerPort=0, executionList=&quot;&quot;, isApplyToDesiredCapabilities=true }"/>
         <property name="platform" value="Linux"/>
      </properties>
      <testcase name="Test Cases/createContact" time="28.886" classname="Test Cases/createContact" status="PASSED">
         <system-out><![CDATA[2023-06-09 10:34:09 - [TEST_CASE][PASSED] - Test Cases/createContact: Test Cases/createContact

2023-06-09 10:34:09 - [TEST_STEP][PASSED] - Start listener action : maximize: Current window maximized

2023-06-09 10:34:09 - [TEST_STEP][PASSED] - maximizeWindow(): Current window maximized

2023-06-09 10:34:09 - [MESSAGE][PASSED] - Current window maximized

2023-06-09 10:34:09 - [TEST_STEP][PASSED] - Start setup action : login: Method 'login' complete successfully

2023-06-09 10:34:09 - [TEST_STEP][PASSED] - navigateToUrl(URL): Navigate to 'https://ui.cogmento.com/' successfully

2023-06-09 10:34:13 - [MESSAGE][PASSED] - Navigate to 'https://ui.cogmento.com/' successfully

2023-06-09 10:34:13 - [TEST_STEP][PASSED] - username_object = "Object Repository/cogmento/createContact/input_Login_email": null

2023-06-09 10:34:13 - [TEST_STEP][PASSED] - password_object = "Object Repository/cogmento/createContact/input_Login_password": null

2023-06-09 10:34:13 - [TEST_STEP][PASSED] - loginBtn_object = "Object Repository/cogmento/createContact/div_Login": null

2023-06-09 10:34:13 - [TEST_STEP][PASSED] - com.LoginCogmento.Login(username_object, password_object, loginBtn_object, username, password): com.LoginCogmento.Login is PASSED

2023-06-09 10:34:13 - [MESSAGE][PASSED] - Text 'deep.p@simformsolutions.com' is set on object 'Object Repository/cogmento/createContact/input_Login_email'

2023-06-09 10:34:14 - [MESSAGE][PASSED] - Text 'Deep@123' is set on object 'Object Repository/cogmento/createContact/input_Login_password'

2023-06-09 10:34:15 - [MESSAGE][PASSED] - Object: 'Object Repository/cogmento/createContact/div_Login' is clicked on

2023-06-09 10:34:15 - [MESSAGE][PASSED] - com.LoginCogmento.Login is PASSED

2023-06-09 10:34:15 - [MESSAGE][PASSED] - Method 'login' complete successfully

2023-06-09 10:34:15 - [TEST_STEP][PASSED] - verifyMatch(getUrl(), URL, false): Actual text 'https://ui.cogmento.com/' and expected text 'https://ui.cogmento.com/' are matched 

2023-06-09 10:34:15 - [MESSAGE][PASSED] - Current window's url is: 'https://ui.cogmento.com/'

2023-06-09 10:34:15 - [MESSAGE][PASSED] - Actual text 'https://ui.cogmento.com/' and expected text 'https://ui.cogmento.com/' are matched 

2023-06-09 10:34:15 - [TEST_STEP][PASSED] - assert getWindowTitle() == "Cogmento CRM": Current window's title is: 'Cogmento CRM'

2023-06-09 10:34:15 - [MESSAGE][PASSED] - Current window's title is: 'Cogmento CRM'

2023-06-09 10:34:15 - [TEST_STEP][PASSED] - click(findTestObject("Object Repository/cogmento/createContact/i_Calendar_users icon")): Object: 'Object Repository/cogmento/createContact/i_Calendar_users icon' is clicked on

2023-06-09 10:34:19 - [MESSAGE][PASSED] - Object: 'Object Repository/cogmento/createContact/i_Calendar_users icon' is clicked on

2023-06-09 10:34:19 - [TEST_STEP][PASSED] - click(findTestObject("Object Repository/cogmento/createContact/button_Create")): Object: 'Object Repository/cogmento/createContact/button_Create' is clicked on

2023-06-09 10:34:21 - [MESSAGE][PASSED] - Object: 'Object Repository/cogmento/createContact/button_Create' is clicked on

2023-06-09 10:34:21 - [TEST_STEP][PASSED] - setText(findTestObject("Object Repository/cogmento/createContact/input_First Name_first_name"), FirstName): Text 'Deep' is set on object 'Object Repository/cogmento/createContact/input_First Name_first_name'

2023-06-09 10:34:22 - [MESSAGE][PASSED] - Text 'Deep' is set on object 'Object Repository/cogmento/createContact/input_First Name_first_name'

2023-06-09 10:34:22 - [TEST_STEP][PASSED] - setText(findTestObject("Object Repository/cogmento/createContact/input_Last Name_last_name"), LastName): Text 'Patel' is set on object 'Object Repository/cogmento/createContact/input_Last Name_last_name'

2023-06-09 10:34:23 - [MESSAGE][PASSED] - Text 'Patel' is set on object 'Object Repository/cogmento/createContact/input_Last Name_last_name'

2023-06-09 10:34:23 - [TEST_STEP][PASSED] - setText(findTestObject("Object Repository/cogmento/test/Page_Cogmento CRM/input_Middle Name(s)_middle_name"), "Rakeshbhai"): Text 'Rakeshbhai' is set on object 'Object Repository/cogmento/test/Page_Cogmento CRM/input_Middle Name(s)_middle_name'

2023-06-09 10:34:24 - [MESSAGE][PASSED] - Text 'Rakeshbhai' is set on object 'Object Repository/cogmento/test/Page_Cogmento CRM/input_Middle Name(s)_middle_name'

2023-06-09 10:34:24 - [TEST_STEP][PASSED] - setText(findTestObject("Object Repository/cogmento/test/Page_Cogmento CRM/input_Email_value"), "deep@gmail.com"): Text 'deep@gmail.com' is set on object 'Object Repository/cogmento/test/Page_Cogmento CRM/input_Email_value'

2023-06-09 10:34:26 - [MESSAGE][PASSED] - Text 'deep@gmail.com' is set on object 'Object Repository/cogmento/test/Page_Cogmento CRM/input_Email_value'

2023-06-09 10:34:26 - [TEST_STEP][PASSED] - click(findTestObject("Object Repository/cogmento/test/Page_Cogmento CRM/label_Do not Call")): Object: 'Object Repository/cogmento/test/Page_Cogmento CRM/label_Do not Call' is clicked on

2023-06-09 10:34:26 - [MESSAGE][PASSED] - Object: 'Object Repository/cogmento/test/Page_Cogmento CRM/label_Do not Call' is clicked on

2023-06-09 10:34:26 - [TEST_STEP][PASSED] - click(findTestObject("Object Repository/cogmento/test/Page_Cogmento CRM/label_Do not Text")): Object: 'Object Repository/cogmento/test/Page_Cogmento CRM/label_Do not Text' is clicked on

2023-06-09 10:34:27 - [MESSAGE][PASSED] - Object: 'Object Repository/cogmento/test/Page_Cogmento CRM/label_Do not Text' is clicked on

2023-06-09 10:34:27 - [TEST_STEP][PASSED] - click(findTestObject("Object Repository/cogmento/test/Page_Cogmento CRM/label_Do not Email")): Object: 'Object Repository/cogmento/test/Page_Cogmento CRM/label_Do not Email' is clicked on

2023-06-09 10:34:27 - [MESSAGE][PASSED] - Object: 'Object Repository/cogmento/test/Page_Cogmento CRM/label_Do not Email' is clicked on

2023-06-09 10:34:27 - [TEST_STEP][PASSED] - setText(findTestObject("Object Repository/cogmento/test/Page_Cogmento CRM/input_Birthday_day"), "22"): Text '22' is set on object 'Object Repository/cogmento/test/Page_Cogmento CRM/input_Birthday_day'

2023-06-09 10:34:28 - [MESSAGE][PASSED] - Text '22' is set on object 'Object Repository/cogmento/test/Page_Cogmento CRM/input_Birthday_day'

2023-06-09 10:34:28 - [TEST_STEP][PASSED] - click(findTestObject("Object Repository/cogmento/test/Page_Cogmento CRM/div_October JanuaryFebruaryMarchAprilMayJun_aa3d2b")): Object: 'Object Repository/cogmento/test/Page_Cogmento CRM/div_October JanuaryFebruaryMarchAprilMayJun_aa3d2b' is clicked on

2023-06-09 10:34:29 - [MESSAGE][PASSED] - Object: 'Object Repository/cogmento/test/Page_Cogmento CRM/div_October JanuaryFebruaryMarchAprilMayJun_aa3d2b' is clicked on

2023-06-09 10:34:29 - [TEST_STEP][PASSED] - click(findTestObject("Object Repository/cogmento/test/Page_Cogmento CRM/span_December")): Object: 'Object Repository/cogmento/test/Page_Cogmento CRM/span_December' is clicked on

2023-06-09 10:34:29 - [MESSAGE][PASSED] - Object: 'Object Repository/cogmento/test/Page_Cogmento CRM/span_December' is clicked on

2023-06-09 10:34:29 - [TEST_STEP][PASSED] - setText(findTestObject("Object Repository/cogmento/test/Page_Cogmento CRM/input_December_year"), "2002"): Text '2002' is set on object 'Object Repository/cogmento/test/Page_Cogmento CRM/input_December_year'

2023-06-09 10:34:31 - [MESSAGE][PASSED] - Text '2002' is set on object 'Object Repository/cogmento/test/Page_Cogmento CRM/input_December_year'

2023-06-09 10:34:31 - [TEST_STEP][PASSED] - click(findTestObject("Object Repository/cogmento/createContact/button_Save")): Object: 'Object Repository/cogmento/createContact/button_Save' is clicked on

2023-06-09 10:34:31 - [MESSAGE][PASSED] - Object: 'Object Repository/cogmento/createContact/button_Save' is clicked on

2023-06-09 10:34:31 - [TEST_STEP][PASSED] - try: Text 'Deep Patel' is present on page 

2023-06-09 10:34:31 - [TEST_STEP][PASSED] - verifyTextPresent(FirstName + " " + LastName, false): Text 'Deep Patel' is present on page 

2023-06-09 10:34:32 - [MESSAGE][PASSED] - Text 'Deep Patel' is present on page 

2023-06-09 10:34:32 - [TEST_STEP][PASSED] - Start tear down : logout: Method 'logout' complete successfully

2023-06-09 10:34:32 - [TEST_STEP][PASSED] - try: Text 'Forgot your password?' is present on page 

2023-06-09 10:34:32 - [TEST_STEP][PASSED] - waitForPageLoad(5): Wait for page load successfully

2023-06-09 10:34:32 - [MESSAGE][PASSED] - Wait for page load successfully

2023-06-09 10:34:32 - [TEST_STEP][PASSED] - click(findTestObject("Object Repository/cogmento/createContact/i_Free account_settings icon")): Object: 'Object Repository/cogmento/createContact/i_Free account_settings icon' is clicked on

2023-06-09 10:34:33 - [MESSAGE][PASSED] - Object: 'Object Repository/cogmento/createContact/i_Free account_settings icon' is clicked on

2023-06-09 10:34:33 - [TEST_STEP][PASSED] - click(findTestObject("Object Repository/cogmento/createContact/span_Log Out")): Object: 'Object Repository/cogmento/createContact/span_Log Out' is clicked on

2023-06-09 10:34:34 - [MESSAGE][PASSED] - Object: 'Object Repository/cogmento/createContact/span_Log Out' is clicked on

2023-06-09 10:34:34 - [TEST_STEP][PASSED] - waitForPageLoad(5): Wait for page load successfully

2023-06-09 10:34:34 - [MESSAGE][PASSED] - Wait for page load successfully

2023-06-09 10:34:34 - [TEST_STEP][PASSED] - verifyTextPresent("Forgot your password?", false): Text 'Forgot your password?' is present on page 

2023-06-09 10:34:38 - [MESSAGE][PASSED] - Text 'Forgot your password?' is present on page 

2023-06-09 10:34:38 - [MESSAGE][PASSED] - Method 'logout' complete successfully

2023-06-09 10:34:38 - [TEST_STEP][PASSED] - Start listener action : assertmessage: null

2023-06-09 10:34:38 - [TEST_STEP][PASSED] - println("Testcase Run successfully."): null]]></system-out>
         <system-err><![CDATA[]]></system-err>
      </testcase>
      <testcase name="Test Cases/createContact" time="23.738" classname="Test Cases/createContact" status="PASSED">
         <system-out><![CDATA[2023-06-09 10:34:38 - [TEST_CASE][PASSED] - Test Cases/createContact: Test Cases/createContact

2023-06-09 10:34:38 - [TEST_STEP][PASSED] - Start listener action : maximize: Current window maximized

2023-06-09 10:34:38 - [TEST_STEP][PASSED] - maximizeWindow(): Current window maximized

2023-06-09 10:34:38 - [MESSAGE][PASSED] - Current window maximized

2023-06-09 10:34:38 - [TEST_STEP][PASSED] - Start setup action : login: Method 'login' complete successfully

2023-06-09 10:34:38 - [TEST_STEP][PASSED] - navigateToUrl(URL): Navigate to 'https://ui.cogmento.com/' successfully

2023-06-09 10:34:39 - [MESSAGE][PASSED] - Navigate to 'https://ui.cogmento.com/' successfully

2023-06-09 10:34:39 - [TEST_STEP][PASSED] - username_object = "Object Repository/cogmento/createContact/input_Login_email": null

2023-06-09 10:34:39 - [TEST_STEP][PASSED] - password_object = "Object Repository/cogmento/createContact/input_Login_password": null

2023-06-09 10:34:39 - [TEST_STEP][PASSED] - loginBtn_object = "Object Repository/cogmento/createContact/div_Login": null

2023-06-09 10:34:39 - [TEST_STEP][PASSED] - com.LoginCogmento.Login(username_object, password_object, loginBtn_object, username, password): com.LoginCogmento.Login is PASSED

2023-06-09 10:34:40 - [MESSAGE][PASSED] - Text 'deep.p@simformsolutions.com' is set on object 'Object Repository/cogmento/createContact/input_Login_email'

2023-06-09 10:34:41 - [MESSAGE][PASSED] - Text 'Deep@123' is set on object 'Object Repository/cogmento/createContact/input_Login_password'

2023-06-09 10:34:42 - [MESSAGE][PASSED] - Object: 'Object Repository/cogmento/createContact/div_Login' is clicked on

2023-06-09 10:34:42 - [MESSAGE][PASSED] - com.LoginCogmento.Login is PASSED

2023-06-09 10:34:42 - [MESSAGE][PASSED] - Method 'login' complete successfully

2023-06-09 10:34:42 - [TEST_STEP][PASSED] - verifyMatch(getUrl(), URL, false): Actual text 'https://ui.cogmento.com/' and expected text 'https://ui.cogmento.com/' are matched 

2023-06-09 10:34:42 - [MESSAGE][PASSED] - Current window's url is: 'https://ui.cogmento.com/'

2023-06-09 10:34:42 - [MESSAGE][PASSED] - Actual text 'https://ui.cogmento.com/' and expected text 'https://ui.cogmento.com/' are matched 

2023-06-09 10:34:42 - [TEST_STEP][PASSED] - assert getWindowTitle() == "Cogmento CRM": Current window's title is: 'Cogmento CRM'

2023-06-09 10:34:42 - [MESSAGE][PASSED] - Current window's title is: 'Cogmento CRM'

2023-06-09 10:34:42 - [TEST_STEP][PASSED] - click(findTestObject("Object Repository/cogmento/createContact/i_Calendar_users icon")): Object: 'Object Repository/cogmento/createContact/i_Calendar_users icon' is clicked on

2023-06-09 10:34:44 - [MESSAGE][PASSED] - Object: 'Object Repository/cogmento/createContact/i_Calendar_users icon' is clicked on

2023-06-09 10:34:44 - [TEST_STEP][PASSED] - click(findTestObject("Object Repository/cogmento/createContact/button_Create")): Object: 'Object Repository/cogmento/createContact/button_Create' is clicked on

2023-06-09 10:34:45 - [MESSAGE][PASSED] - Object: 'Object Repository/cogmento/createContact/button_Create' is clicked on

2023-06-09 10:34:45 - [TEST_STEP][PASSED] - setText(findTestObject("Object Repository/cogmento/createContact/input_First Name_first_name"), FirstName): Text 'Dharm' is set on object 'Object Repository/cogmento/createContact/input_First Name_first_name'

2023-06-09 10:34:46 - [MESSAGE][PASSED] - Text 'Dharm' is set on object 'Object Repository/cogmento/createContact/input_First Name_first_name'

2023-06-09 10:34:46 - [TEST_STEP][PASSED] - setText(findTestObject("Object Repository/cogmento/createContact/input_Last Name_last_name"), LastName): Text 'Patel' is set on object 'Object Repository/cogmento/createContact/input_Last Name_last_name'

2023-06-09 10:34:47 - [MESSAGE][PASSED] - Text 'Patel' is set on object 'Object Repository/cogmento/createContact/input_Last Name_last_name'

2023-06-09 10:34:47 - [TEST_STEP][PASSED] - setText(findTestObject("Object Repository/cogmento/test/Page_Cogmento CRM/input_Middle Name(s)_middle_name"), "Rakeshbhai"): Text 'Rakeshbhai' is set on object 'Object Repository/cogmento/test/Page_Cogmento CRM/input_Middle Name(s)_middle_name'

2023-06-09 10:34:48 - [MESSAGE][PASSED] - Text 'Rakeshbhai' is set on object 'Object Repository/cogmento/test/Page_Cogmento CRM/input_Middle Name(s)_middle_name'

2023-06-09 10:34:48 - [TEST_STEP][PASSED] - setText(findTestObject("Object Repository/cogmento/test/Page_Cogmento CRM/input_Email_value"), "deep@gmail.com"): Text 'deep@gmail.com' is set on object 'Object Repository/cogmento/test/Page_Cogmento CRM/input_Email_value'

2023-06-09 10:34:50 - [MESSAGE][PASSED] - Text 'deep@gmail.com' is set on object 'Object Repository/cogmento/test/Page_Cogmento CRM/input_Email_value'

2023-06-09 10:34:50 - [TEST_STEP][PASSED] - click(findTestObject("Object Repository/cogmento/test/Page_Cogmento CRM/label_Do not Call")): Object: 'Object Repository/cogmento/test/Page_Cogmento CRM/label_Do not Call' is clicked on

2023-06-09 10:34:50 - [MESSAGE][PASSED] - Object: 'Object Repository/cogmento/test/Page_Cogmento CRM/label_Do not Call' is clicked on

2023-06-09 10:34:50 - [TEST_STEP][PASSED] - click(findTestObject("Object Repository/cogmento/test/Page_Cogmento CRM/label_Do not Text")): Object: 'Object Repository/cogmento/test/Page_Cogmento CRM/label_Do not Text' is clicked on

2023-06-09 10:34:51 - [MESSAGE][PASSED] - Object: 'Object Repository/cogmento/test/Page_Cogmento CRM/label_Do not Text' is clicked on

2023-06-09 10:34:51 - [TEST_STEP][PASSED] - click(findTestObject("Object Repository/cogmento/test/Page_Cogmento CRM/label_Do not Email")): Object: 'Object Repository/cogmento/test/Page_Cogmento CRM/label_Do not Email' is clicked on

2023-06-09 10:34:51 - [MESSAGE][PASSED] - Object: 'Object Repository/cogmento/test/Page_Cogmento CRM/label_Do not Email' is clicked on

2023-06-09 10:34:51 - [TEST_STEP][PASSED] - setText(findTestObject("Object Repository/cogmento/test/Page_Cogmento CRM/input_Birthday_day"), "22"): Text '22' is set on object 'Object Repository/cogmento/test/Page_Cogmento CRM/input_Birthday_day'

2023-06-09 10:34:52 - [MESSAGE][PASSED] - Text '22' is set on object 'Object Repository/cogmento/test/Page_Cogmento CRM/input_Birthday_day'

2023-06-09 10:34:52 - [TEST_STEP][PASSED] - click(findTestObject("Object Repository/cogmento/test/Page_Cogmento CRM/div_October JanuaryFebruaryMarchAprilMayJun_aa3d2b")): Object: 'Object Repository/cogmento/test/Page_Cogmento CRM/div_October JanuaryFebruaryMarchAprilMayJun_aa3d2b' is clicked on

2023-06-09 10:34:52 - [MESSAGE][PASSED] - Object: 'Object Repository/cogmento/test/Page_Cogmento CRM/div_October JanuaryFebruaryMarchAprilMayJun_aa3d2b' is clicked on

2023-06-09 10:34:52 - [TEST_STEP][PASSED] - click(findTestObject("Object Repository/cogmento/test/Page_Cogmento CRM/span_December")): Object: 'Object Repository/cogmento/test/Page_Cogmento CRM/span_December' is clicked on

2023-06-09 10:34:53 - [MESSAGE][PASSED] - Object: 'Object Repository/cogmento/test/Page_Cogmento CRM/span_December' is clicked on

2023-06-09 10:34:53 - [TEST_STEP][PASSED] - setText(findTestObject("Object Repository/cogmento/test/Page_Cogmento CRM/input_December_year"), "2002"): Text '2002' is set on object 'Object Repository/cogmento/test/Page_Cogmento CRM/input_December_year'

2023-06-09 10:34:54 - [MESSAGE][PASSED] - Text '2002' is set on object 'Object Repository/cogmento/test/Page_Cogmento CRM/input_December_year'

2023-06-09 10:34:54 - [TEST_STEP][PASSED] - click(findTestObject("Object Repository/cogmento/createContact/button_Save")): Object: 'Object Repository/cogmento/createContact/button_Save' is clicked on

2023-06-09 10:34:55 - [MESSAGE][PASSED] - Object: 'Object Repository/cogmento/createContact/button_Save' is clicked on

2023-06-09 10:34:55 - [TEST_STEP][PASSED] - try: Text 'Dharm Patel' is present on page 

2023-06-09 10:34:55 - [TEST_STEP][PASSED] - verifyTextPresent(FirstName + " " + LastName, false): Text 'Dharm Patel' is present on page 

2023-06-09 10:34:57 - [MESSAGE][PASSED] - Text 'Dharm Patel' is present on page 

2023-06-09 10:34:57 - [TEST_STEP][PASSED] - Start tear down : logout: Method 'logout' complete successfully

2023-06-09 10:34:57 - [TEST_STEP][PASSED] - try: Text 'Forgot your password?' is present on page 

2023-06-09 10:34:57 - [TEST_STEP][PASSED] - waitForPageLoad(5): Wait for page load successfully

2023-06-09 10:34:57 - [MESSAGE][PASSED] - Wait for page load successfully

2023-06-09 10:34:57 - [TEST_STEP][PASSED] - click(findTestObject("Object Repository/cogmento/createContact/i_Free account_settings icon")): Object: 'Object Repository/cogmento/createContact/i_Free account_settings icon' is clicked on

2023-06-09 10:34:57 - [MESSAGE][PASSED] - Object: 'Object Repository/cogmento/createContact/i_Free account_settings icon' is clicked on

2023-06-09 10:34:57 - [TEST_STEP][PASSED] - click(findTestObject("Object Repository/cogmento/createContact/span_Log Out")): Object: 'Object Repository/cogmento/createContact/span_Log Out' is clicked on

2023-06-09 10:34:58 - [MESSAGE][PASSED] - Object: 'Object Repository/cogmento/createContact/span_Log Out' is clicked on

2023-06-09 10:34:58 - [TEST_STEP][PASSED] - waitForPageLoad(5): Wait for page load successfully

2023-06-09 10:34:58 - [MESSAGE][PASSED] - Wait for page load successfully

2023-06-09 10:34:58 - [TEST_STEP][PASSED] - verifyTextPresent("Forgot your password?", false): Text 'Forgot your password?' is present on page 

2023-06-09 10:35:01 - [MESSAGE][PASSED] - Text 'Forgot your password?' is present on page 

2023-06-09 10:35:01 - [MESSAGE][PASSED] - Method 'logout' complete successfully

2023-06-09 10:35:01 - [TEST_STEP][PASSED] - Start listener action : assertmessage: null

2023-06-09 10:35:01 - [TEST_STEP][PASSED] - println("Testcase Run successfully."): null]]></system-out>
         <system-err><![CDATA[]]></system-err>
      </testcase>
      <testcase name="Test Cases/createContact" time="22.851" classname="Test Cases/createContact" status="PASSED">
         <system-out><![CDATA[2023-06-09 10:35:01 - [TEST_CASE][PASSED] - Test Cases/createContact: Test Cases/createContact

2023-06-09 10:35:01 - [TEST_STEP][PASSED] - Start listener action : maximize: Current window maximized

2023-06-09 10:35:01 - [TEST_STEP][PASSED] - maximizeWindow(): Current window maximized

2023-06-09 10:35:01 - [MESSAGE][PASSED] - Current window maximized

2023-06-09 10:35:01 - [TEST_STEP][PASSED] - Start setup action : login: Method 'login' complete successfully

2023-06-09 10:35:01 - [TEST_STEP][PASSED] - navigateToUrl(URL): Navigate to 'https://ui.cogmento.com/' successfully

2023-06-09 10:35:03 - [MESSAGE][PASSED] - Navigate to 'https://ui.cogmento.com/' successfully

2023-06-09 10:35:03 - [TEST_STEP][PASSED] - username_object = "Object Repository/cogmento/createContact/input_Login_email": null

2023-06-09 10:35:03 - [TEST_STEP][PASSED] - password_object = "Object Repository/cogmento/createContact/input_Login_password": null

2023-06-09 10:35:03 - [TEST_STEP][PASSED] - loginBtn_object = "Object Repository/cogmento/createContact/div_Login": null

2023-06-09 10:35:03 - [TEST_STEP][PASSED] - com.LoginCogmento.Login(username_object, password_object, loginBtn_object, username, password): com.LoginCogmento.Login is PASSED

2023-06-09 10:35:04 - [MESSAGE][PASSED] - Text 'deep.p@simformsolutions.com' is set on object 'Object Repository/cogmento/createContact/input_Login_email'

2023-06-09 10:35:05 - [MESSAGE][PASSED] - Text 'Deep@123' is set on object 'Object Repository/cogmento/createContact/input_Login_password'

2023-06-09 10:35:05 - [MESSAGE][PASSED] - Object: 'Object Repository/cogmento/createContact/div_Login' is clicked on

2023-06-09 10:35:05 - [MESSAGE][PASSED] - com.LoginCogmento.Login is PASSED

2023-06-09 10:35:05 - [MESSAGE][PASSED] - Method 'login' complete successfully

2023-06-09 10:35:05 - [TEST_STEP][PASSED] - verifyMatch(getUrl(), URL, false): Actual text 'https://ui.cogmento.com/' and expected text 'https://ui.cogmento.com/' are matched 

2023-06-09 10:35:05 - [MESSAGE][PASSED] - Current window's url is: 'https://ui.cogmento.com/'

2023-06-09 10:35:05 - [MESSAGE][PASSED] - Actual text 'https://ui.cogmento.com/' and expected text 'https://ui.cogmento.com/' are matched 

2023-06-09 10:35:05 - [TEST_STEP][PASSED] - assert getWindowTitle() == "Cogmento CRM": Current window's title is: 'Cogmento CRM'

2023-06-09 10:35:05 - [MESSAGE][PASSED] - Current window's title is: 'Cogmento CRM'

2023-06-09 10:35:05 - [TEST_STEP][PASSED] - click(findTestObject("Object Repository/cogmento/createContact/i_Calendar_users icon")): Object: 'Object Repository/cogmento/createContact/i_Calendar_users icon' is clicked on

2023-06-09 10:35:08 - [MESSAGE][PASSED] - Object: 'Object Repository/cogmento/createContact/i_Calendar_users icon' is clicked on

2023-06-09 10:35:08 - [TEST_STEP][PASSED] - click(findTestObject("Object Repository/cogmento/createContact/button_Create")): Object: 'Object Repository/cogmento/createContact/button_Create' is clicked on

2023-06-09 10:35:09 - [MESSAGE][PASSED] - Object: 'Object Repository/cogmento/createContact/button_Create' is clicked on

2023-06-09 10:35:09 - [TEST_STEP][PASSED] - setText(findTestObject("Object Repository/cogmento/createContact/input_First Name_first_name"), FirstName): Text 'Kunj' is set on object 'Object Repository/cogmento/createContact/input_First Name_first_name'

2023-06-09 10:35:10 - [MESSAGE][PASSED] - Text 'Kunj' is set on object 'Object Repository/cogmento/createContact/input_First Name_first_name'

2023-06-09 10:35:10 - [TEST_STEP][PASSED] - setText(findTestObject("Object Repository/cogmento/createContact/input_Last Name_last_name"), LastName): Text 'Kaneria' is set on object 'Object Repository/cogmento/createContact/input_Last Name_last_name'

2023-06-09 10:35:11 - [MESSAGE][PASSED] - Text 'Kaneria' is set on object 'Object Repository/cogmento/createContact/input_Last Name_last_name'

2023-06-09 10:35:11 - [TEST_STEP][PASSED] - setText(findTestObject("Object Repository/cogmento/test/Page_Cogmento CRM/input_Middle Name(s)_middle_name"), "Rakeshbhai"): Text 'Rakeshbhai' is set on object 'Object Repository/cogmento/test/Page_Cogmento CRM/input_Middle Name(s)_middle_name'

2023-06-09 10:35:12 - [MESSAGE][PASSED] - Text 'Rakeshbhai' is set on object 'Object Repository/cogmento/test/Page_Cogmento CRM/input_Middle Name(s)_middle_name'

2023-06-09 10:35:12 - [TEST_STEP][PASSED] - setText(findTestObject("Object Repository/cogmento/test/Page_Cogmento CRM/input_Email_value"), "deep@gmail.com"): Text 'deep@gmail.com' is set on object 'Object Repository/cogmento/test/Page_Cogmento CRM/input_Email_value'

2023-06-09 10:35:13 - [MESSAGE][PASSED] - Text 'deep@gmail.com' is set on object 'Object Repository/cogmento/test/Page_Cogmento CRM/input_Email_value'

2023-06-09 10:35:13 - [TEST_STEP][PASSED] - click(findTestObject("Object Repository/cogmento/test/Page_Cogmento CRM/label_Do not Call")): Object: 'Object Repository/cogmento/test/Page_Cogmento CRM/label_Do not Call' is clicked on

2023-06-09 10:35:14 - [MESSAGE][PASSED] - Object: 'Object Repository/cogmento/test/Page_Cogmento CRM/label_Do not Call' is clicked on

2023-06-09 10:35:14 - [TEST_STEP][PASSED] - click(findTestObject("Object Repository/cogmento/test/Page_Cogmento CRM/label_Do not Text")): Object: 'Object Repository/cogmento/test/Page_Cogmento CRM/label_Do not Text' is clicked on

2023-06-09 10:35:14 - [MESSAGE][PASSED] - Object: 'Object Repository/cogmento/test/Page_Cogmento CRM/label_Do not Text' is clicked on

2023-06-09 10:35:14 - [TEST_STEP][PASSED] - click(findTestObject("Object Repository/cogmento/test/Page_Cogmento CRM/label_Do not Email")): Object: 'Object Repository/cogmento/test/Page_Cogmento CRM/label_Do not Email' is clicked on

2023-06-09 10:35:15 - [MESSAGE][PASSED] - Object: 'Object Repository/cogmento/test/Page_Cogmento CRM/label_Do not Email' is clicked on

2023-06-09 10:35:15 - [TEST_STEP][PASSED] - setText(findTestObject("Object Repository/cogmento/test/Page_Cogmento CRM/input_Birthday_day"), "22"): Text '22' is set on object 'Object Repository/cogmento/test/Page_Cogmento CRM/input_Birthday_day'

2023-06-09 10:35:16 - [MESSAGE][PASSED] - Text '22' is set on object 'Object Repository/cogmento/test/Page_Cogmento CRM/input_Birthday_day'

2023-06-09 10:35:16 - [TEST_STEP][PASSED] - click(findTestObject("Object Repository/cogmento/test/Page_Cogmento CRM/div_October JanuaryFebruaryMarchAprilMayJun_aa3d2b")): Object: 'Object Repository/cogmento/test/Page_Cogmento CRM/div_October JanuaryFebruaryMarchAprilMayJun_aa3d2b' is clicked on

2023-06-09 10:35:16 - [MESSAGE][PASSED] - Object: 'Object Repository/cogmento/test/Page_Cogmento CRM/div_October JanuaryFebruaryMarchAprilMayJun_aa3d2b' is clicked on

2023-06-09 10:35:16 - [TEST_STEP][PASSED] - click(findTestObject("Object Repository/cogmento/test/Page_Cogmento CRM/span_December")): Object: 'Object Repository/cogmento/test/Page_Cogmento CRM/span_December' is clicked on

2023-06-09 10:35:17 - [MESSAGE][PASSED] - Object: 'Object Repository/cogmento/test/Page_Cogmento CRM/span_December' is clicked on

2023-06-09 10:35:17 - [TEST_STEP][PASSED] - setText(findTestObject("Object Repository/cogmento/test/Page_Cogmento CRM/input_December_year"), "2002"): Text '2002' is set on object 'Object Repository/cogmento/test/Page_Cogmento CRM/input_December_year'

2023-06-09 10:35:18 - [MESSAGE][PASSED] - Text '2002' is set on object 'Object Repository/cogmento/test/Page_Cogmento CRM/input_December_year'

2023-06-09 10:35:18 - [TEST_STEP][PASSED] - click(findTestObject("Object Repository/cogmento/createContact/button_Save")): Object: 'Object Repository/cogmento/createContact/button_Save' is clicked on

2023-06-09 10:35:18 - [MESSAGE][PASSED] - Object: 'Object Repository/cogmento/createContact/button_Save' is clicked on

2023-06-09 10:35:18 - [TEST_STEP][PASSED] - try: Text 'Kunj Kaneria' is present on page 

2023-06-09 10:35:18 - [TEST_STEP][PASSED] - verifyTextPresent(FirstName + " " + LastName, false): Text 'Kunj Kaneria' is present on page 

2023-06-09 10:35:20 - [MESSAGE][PASSED] - Text 'Kunj Kaneria' is present on page 

2023-06-09 10:35:20 - [TEST_STEP][PASSED] - Start tear down : logout: Method 'logout' complete successfully

2023-06-09 10:35:20 - [TEST_STEP][PASSED] - try: Text 'Forgot your password?' is present on page 

2023-06-09 10:35:20 - [TEST_STEP][PASSED] - waitForPageLoad(5): Wait for page load successfully

2023-06-09 10:35:20 - [MESSAGE][PASSED] - Wait for page load successfully

2023-06-09 10:35:20 - [TEST_STEP][PASSED] - click(findTestObject("Object Repository/cogmento/createContact/i_Free account_settings icon")): Object: 'Object Repository/cogmento/createContact/i_Free account_settings icon' is clicked on

2023-06-09 10:35:20 - [MESSAGE][PASSED] - Object: 'Object Repository/cogmento/createContact/i_Free account_settings icon' is clicked on

2023-06-09 10:35:20 - [TEST_STEP][PASSED] - click(findTestObject("Object Repository/cogmento/createContact/span_Log Out")): Object: 'Object Repository/cogmento/createContact/span_Log Out' is clicked on

2023-06-09 10:35:21 - [MESSAGE][PASSED] - Object: 'Object Repository/cogmento/createContact/span_Log Out' is clicked on

2023-06-09 10:35:21 - [TEST_STEP][PASSED] - waitForPageLoad(5): Wait for page load successfully

2023-06-09 10:35:21 - [MESSAGE][PASSED] - Wait for page load successfully

2023-06-09 10:35:21 - [TEST_STEP][PASSED] - verifyTextPresent("Forgot your password?", false): Text 'Forgot your password?' is present on page 

2023-06-09 10:35:24 - [MESSAGE][PASSED] - Text 'Forgot your password?' is present on page 

2023-06-09 10:35:24 - [MESSAGE][PASSED] - Method 'logout' complete successfully

2023-06-09 10:35:24 - [TEST_STEP][PASSED] - Start listener action : assertmessage: null

2023-06-09 10:35:24 - [TEST_STEP][PASSED] - println("Testcase Run successfully."): null]]></system-out>
         <system-err><![CDATA[]]></system-err>
      </testcase>
      <system-out><![CDATA[2023-06-09 10:34:07 - [TEST_SUITE][PASSED] - createContact: Test Cases/createContact]]></system-out>
      <system-err><![CDATA[]]></system-err>
   </testsuite>
</testsuites>
