<?xml version="1.0" encoding="UTF-8"?>
<testsuites name="Create And Update Contact" time="21.129" tests="1" failures="0" errors="0">
   <testsuite name="Create And Update Contact" tests="1" failures="0" errors="0" time="21.129" skipped="0" timestamp="2023-06-09 15:30:14" hostname="deep - SF-CPU-460" id="Test Suites/Create And Update Contact">
      <properties>
         <property name="deviceName" value=""/>
         <property name="devicePlatform" value=""/>
         <property name="logFolder" value="/home/deep/git/FinalAssignmentKatalon/Reports/20230609_152819/Create And Update Contact/20230609_152822"/>
         <property name="logFiles" value="/home/deep/git/FinalAssignmentKatalon/Reports/20230609_152819/Create And Update Contact/20230609_152822/execution0.log"/>
         <property name="attachments" value=""/>
         <property name="hostName" value="deep - SF-CPU-460"/>
         <property name="os" value="Linux 64bit"/>
         <property name="katalonVersion" value="8.6.0.208"/>
         <property name="browser" value="Chrome 109.0.0.0"/>
         <property name="hostAddress" value="127.0.1.1"/>
         <property name="sessionId" value="53a82ec5b924bab7c26b416f4fd67992"/>
         <property name="seleniumVersion" value="3.141.59"/>
         <property name="proxyInformation" value="ProxyInformation { proxyOption=NO_PROXY, proxyServerType=HTTP, username=, password=********, proxyServerAddress=, proxyServerPort=0, executionList=&quot;&quot;, isApplyToDesiredCapabilities=true }"/>
         <property name="platform" value="Linux"/>
      </properties>
      <testcase name="Test Cases/updateContact" time="20.062" classname="Test Cases/updateContact" status="PASSED">
         <system-out><![CDATA[2023-06-09 15:30:15 - [TEST_CASE][PASSED] - Test Cases/updateContact: Test Cases/updateContact

2023-06-09 15:30:15 - [TEST_STEP][PASSED] - Start listener action : maximize: Current window maximized

2023-06-09 15:30:15 - [TEST_STEP][PASSED] - maximizeWindow(): Current window maximized

2023-06-09 15:30:16 - [MESSAGE][PASSED] - Current window maximized

2023-06-09 15:30:16 - [TEST_STEP][PASSED] - Start setup action : login: Method 'login' complete successfully

2023-06-09 15:30:16 - [TEST_STEP][PASSED] - navigateToUrl(URL): Navigate to 'https://ui.cogmento.com/' successfully

2023-06-09 15:30:19 - [MESSAGE][PASSED] - Navigate to 'https://ui.cogmento.com/' successfully

2023-06-09 15:30:19 - [TEST_STEP][PASSED] - username_object = "Object Repository/cogmento/createContact/input_Login_email": null

2023-06-09 15:30:19 - [TEST_STEP][PASSED] - password_object = "Object Repository/cogmento/createContact/input_Login_password": null

2023-06-09 15:30:19 - [TEST_STEP][PASSED] - loginBtn_object = "Object Repository/cogmento/createContact/div_Login": null

2023-06-09 15:30:19 - [TEST_STEP][PASSED] - com.LoginCogmento.Login(username_object, password_object, loginBtn_object, username, password): com.LoginCogmento.Login is PASSED

2023-06-09 15:30:20 - [MESSAGE][PASSED] - Text 'deep.p@simformsolutions.com' is set on object 'Object Repository/cogmento/createContact/input_Login_email'

2023-06-09 15:30:21 - [MESSAGE][PASSED] - Text 'Deep@123' is set on object 'Object Repository/cogmento/createContact/input_Login_password'

2023-06-09 15:30:21 - [MESSAGE][PASSED] - Object: 'Object Repository/cogmento/createContact/div_Login' is clicked on

2023-06-09 15:30:21 - [MESSAGE][PASSED] - com.LoginCogmento.Login is PASSED

2023-06-09 15:30:21 - [MESSAGE][PASSED] - Method 'login' complete successfully

2023-06-09 15:30:21 - [TEST_STEP][PASSED] - verifyMatch(getUrl(), URL, false): Actual text 'https://ui.cogmento.com/' and expected text 'https://ui.cogmento.com/' are matched 

2023-06-09 15:30:21 - [MESSAGE][PASSED] - Current window's url is: 'https://ui.cogmento.com/'

2023-06-09 15:30:21 - [MESSAGE][PASSED] - Actual text 'https://ui.cogmento.com/' and expected text 'https://ui.cogmento.com/' are matched 

2023-06-09 15:30:21 - [TEST_STEP][PASSED] - assert getWindowTitle() == "Cogmento CRM": Current window's title is: 'Cogmento CRM'

2023-06-09 15:30:21 - [MESSAGE][PASSED] - Current window's title is: 'Cogmento CRM'

2023-06-09 15:30:21 - [TEST_STEP][PASSED] - click(findTestObject("Object Repository/cogmento/updateContact/Page_Cogmento CRM/i_Calendar_users icon")): Object: 'Object Repository/cogmento/updateContact/Page_Cogmento CRM/i_Calendar_users icon' is clicked on

2023-06-09 15:30:25 - [MESSAGE][PASSED] - Object: 'Object Repository/cogmento/updateContact/Page_Cogmento CRM/i_Calendar_users icon' is clicked on

2023-06-09 15:30:25 - [TEST_STEP][PASSED] - mouseOver(findTestObject("cogmento/createContact/i_Free account_settings icon")): Object: 'Object Repository/cogmento/createContact/i_Free account_settings icon' is hovered

2023-06-09 15:30:27 - [MESSAGE][PASSED] - Object: 'Object Repository/cogmento/createContact/i_Free account_settings icon' is hovered

2023-06-09 15:30:27 - [TEST_STEP][PASSED] - click(findTestObject("Object Repository/cogmento/updateContact/Page_Cogmento CRM/a_Kunj Prafulkumar Kaneria")): Object: 'Object Repository/cogmento/updateContact/Page_Cogmento CRM/a_Kunj Prafulkumar Kaneria' is clicked on

2023-06-09 15:30:27 - [MESSAGE][PASSED] - Object: 'Object Repository/cogmento/updateContact/Page_Cogmento CRM/a_Kunj Prafulkumar Kaneria' is clicked on

2023-06-09 15:30:27 - [TEST_STEP][PASSED] - click(findTestObject("Object Repository/cogmento/updateContact/Page_Cogmento CRM/i_Kunj Kaneria_edit icon")): Object: 'Object Repository/cogmento/updateContact/Page_Cogmento CRM/i_Kunj Kaneria_edit icon' is clicked on

2023-06-09 15:30:29 - [MESSAGE][PASSED] - Object: 'Object Repository/cogmento/updateContact/Page_Cogmento CRM/i_Kunj Kaneria_edit icon' is clicked on

2023-06-09 15:30:29 - [TEST_STEP][PASSED] - click(findTestObject("Object Repository/cogmento/updateContact/Page_Cogmento CRM/button_Public")): Object: 'Object Repository/cogmento/updateContact/Page_Cogmento CRM/button_Public' is clicked on

2023-06-09 15:30:30 - [MESSAGE][PASSED] - Object: 'Object Repository/cogmento/updateContact/Page_Cogmento CRM/button_Public' is clicked on

2023-06-09 15:30:30 - [TEST_STEP][PASSED] - click(findTestObject("Object Repository/cogmento/updateContact/Page_Cogmento CRM/button_Save")): Object: 'Object Repository/cogmento/updateContact/Page_Cogmento CRM/button_Save' is clicked on

2023-06-09 15:30:31 - [MESSAGE][PASSED] - Object: 'Object Repository/cogmento/updateContact/Page_Cogmento CRM/button_Save' is clicked on

2023-06-09 15:30:31 - [TEST_STEP][PASSED] - verifyTextPresent("Only you can see this record.", false): Text 'Only you can see this record.' is present on page 

2023-06-09 15:30:32 - [MESSAGE][PASSED] - Text 'Only you can see this record.' is present on page 

2023-06-09 15:30:32 - [TEST_STEP][PASSED] - Start tear down : logout: Method 'logout' complete successfully

2023-06-09 15:30:32 - [TEST_STEP][PASSED] - try: Text 'Forgot your password?' is present on page 

2023-06-09 15:30:32 - [TEST_STEP][PASSED] - waitForPageLoad(5): Wait for page load successfully

2023-06-09 15:30:32 - [MESSAGE][PASSED] - Wait for page load successfully

2023-06-09 15:30:32 - [TEST_STEP][PASSED] - click(findTestObject("Object Repository/cogmento/createContact/i_Free account_settings icon")): Object: 'Object Repository/cogmento/createContact/i_Free account_settings icon' is clicked on

2023-06-09 15:30:33 - [MESSAGE][PASSED] - Object: 'Object Repository/cogmento/createContact/i_Free account_settings icon' is clicked on

2023-06-09 15:30:33 - [TEST_STEP][PASSED] - click(findTestObject("Object Repository/cogmento/createContact/span_Log Out")): Object: 'Object Repository/cogmento/createContact/span_Log Out' is clicked on

2023-06-09 15:30:33 - [MESSAGE][PASSED] - Object: 'Object Repository/cogmento/createContact/span_Log Out' is clicked on

2023-06-09 15:30:33 - [TEST_STEP][PASSED] - waitForPageLoad(5): Wait for page load successfully

2023-06-09 15:30:33 - [MESSAGE][PASSED] - Wait for page load successfully

2023-06-09 15:30:33 - [TEST_STEP][PASSED] - verifyTextPresent("Forgot your password?", false): Text 'Forgot your password?' is present on page 

2023-06-09 15:30:36 - [MESSAGE][PASSED] - Text 'Forgot your password?' is present on page 

2023-06-09 15:30:36 - [MESSAGE][PASSED] - Method 'logout' complete successfully

2023-06-09 15:30:36 - [TEST_STEP][PASSED] - Start listener action : assertmessage: null

2023-06-09 15:30:36 - [TEST_STEP][PASSED] - println("Testcase Run successfully."): null]]></system-out>
         <system-err><![CDATA[]]></system-err>
      </testcase>
      <system-out><![CDATA[2023-06-09 15:30:14 - [TEST_SUITE][PASSED] - Create And Update Contact: Test Cases/updateContact]]></system-out>
      <system-err><![CDATA[]]></system-err>
   </testsuite>
</testsuites>
