<?xml version="1.0" encoding="UTF-8"?>
<testsuites name="createContact" time="73.386" tests="3" failures="0" errors="0">
   <testsuite name="createContact" tests="3" failures="0" errors="0" time="73.386" skipped="0" timestamp="2023-06-09 10:52:49" hostname="deep - SF-CPU-460" id="Test Suites/createContact">
      <properties>
         <property name="deviceName" value=""/>
         <property name="devicePlatform" value=""/>
         <property name="logFolder" value="/home/deep/git/FinalAssignmentKatalon/Reports/20230609_105246/createContact/20230609_105247"/>
         <property name="logFiles" value="/home/deep/git/FinalAssignmentKatalon/Reports/20230609_105246/createContact/20230609_105247/execution0.log"/>
         <property name="attachments" value=""/>
         <property name="hostName" value="deep - SF-CPU-460"/>
         <property name="os" value="Linux 64bit"/>
         <property name="katalonVersion" value="8.6.0.208"/>
         <property name="browser" value="Chrome 109.0.0.0"/>
         <property name="hostAddress" value="127.0.1.1"/>
         <property name="sessionId" value="2c8ee9c51451c8b8431577f7fb2f60d5"/>
         <property name="seleniumVersion" value="3.141.59"/>
         <property name="proxyInformation" value="ProxyInformation { proxyOption=NO_PROXY, proxyServerType=HTTP, username=, password=********, proxyServerAddress=, proxyServerPort=0, executionList=&quot;&quot;, isApplyToDesiredCapabilities=true }"/>
         <property name="platform" value="Linux"/>
      </properties>
      <testcase name="Test Cases/createContact" time="27.979" classname="Test Cases/createContact" status="PASSED">
         <system-out><![CDATA[2023-06-09 10:52:50 - [TEST_CASE][PASSED] - Test Cases/createContact: Test Cases/createContact

2023-06-09 10:52:50 - [TEST_STEP][PASSED] - Start listener action : maximize: Current window maximized

2023-06-09 10:52:50 - [TEST_STEP][PASSED] - maximizeWindow(): Current window maximized

2023-06-09 10:52:50 - [MESSAGE][PASSED] - Current window maximized

2023-06-09 10:52:50 - [TEST_STEP][PASSED] - Start setup action : login: Method 'login' complete successfully

2023-06-09 10:52:50 - [TEST_STEP][PASSED] - navigateToUrl(URL): Navigate to 'https://ui.cogmento.com/' successfully

2023-06-09 10:52:54 - [MESSAGE][PASSED] - Navigate to 'https://ui.cogmento.com/' successfully

2023-06-09 10:52:54 - [TEST_STEP][PASSED] - username_object = "Object Repository/cogmento/createContact/input_Login_email": null

2023-06-09 10:52:54 - [TEST_STEP][PASSED] - password_object = "Object Repository/cogmento/createContact/input_Login_password": null

2023-06-09 10:52:54 - [TEST_STEP][PASSED] - loginBtn_object = "Object Repository/cogmento/createContact/div_Login": null

2023-06-09 10:52:54 - [TEST_STEP][PASSED] - com.LoginCogmento.Login(username_object, password_object, loginBtn_object, username, password): com.LoginCogmento.Login is PASSED

2023-06-09 10:52:54 - [MESSAGE][PASSED] - Text 'deep.p@simformsolutions.com' is set on object 'Object Repository/cogmento/createContact/input_Login_email'

2023-06-09 10:52:55 - [MESSAGE][PASSED] - Text 'Deep@123' is set on object 'Object Repository/cogmento/createContact/input_Login_password'

2023-06-09 10:52:56 - [MESSAGE][PASSED] - Object: 'Object Repository/cogmento/createContact/div_Login' is clicked on

2023-06-09 10:52:56 - [MESSAGE][PASSED] - com.LoginCogmento.Login is PASSED

2023-06-09 10:52:56 - [MESSAGE][PASSED] - Method 'login' complete successfully

2023-06-09 10:52:56 - [TEST_STEP][PASSED] - verifyMatch(getUrl(), URL, false): Actual text 'https://ui.cogmento.com/' and expected text 'https://ui.cogmento.com/' are matched 

2023-06-09 10:52:56 - [MESSAGE][PASSED] - Current window's url is: 'https://ui.cogmento.com/'

2023-06-09 10:52:56 - [MESSAGE][PASSED] - Actual text 'https://ui.cogmento.com/' and expected text 'https://ui.cogmento.com/' are matched 

2023-06-09 10:52:56 - [TEST_STEP][PASSED] - assert getWindowTitle() == "Cogmento CRM": Current window's title is: 'Cogmento CRM'

2023-06-09 10:52:56 - [MESSAGE][PASSED] - Current window's title is: 'Cogmento CRM'

2023-06-09 10:52:56 - [TEST_STEP][PASSED] - click(findTestObject("Object Repository/cogmento/createContact/i_Calendar_users icon")): Object: 'Object Repository/cogmento/createContact/i_Calendar_users icon' is clicked on

2023-06-09 10:53:00 - [MESSAGE][PASSED] - Object: 'Object Repository/cogmento/createContact/i_Calendar_users icon' is clicked on

2023-06-09 10:53:00 - [TEST_STEP][PASSED] - click(findTestObject("Object Repository/cogmento/createContact/button_Create")): Object: 'Object Repository/cogmento/createContact/button_Create' is clicked on

2023-06-09 10:53:01 - [MESSAGE][PASSED] - Object: 'Object Repository/cogmento/createContact/button_Create' is clicked on

2023-06-09 10:53:01 - [TEST_STEP][PASSED] - setText(findTestObject("Object Repository/cogmento/createContact/input_First Name_first_name"), FirstName): Text 'Deep' is set on object 'Object Repository/cogmento/createContact/input_First Name_first_name'

2023-06-09 10:53:03 - [MESSAGE][PASSED] - Text 'Deep' is set on object 'Object Repository/cogmento/createContact/input_First Name_first_name'

2023-06-09 10:53:03 - [TEST_STEP][PASSED] - setText(findTestObject("Object Repository/cogmento/createContact/input_Last Name_last_name"), LastName): Text 'Patel' is set on object 'Object Repository/cogmento/createContact/input_Last Name_last_name'

2023-06-09 10:53:04 - [MESSAGE][PASSED] - Text 'Patel' is set on object 'Object Repository/cogmento/createContact/input_Last Name_last_name'

2023-06-09 10:53:04 - [TEST_STEP][PASSED] - setText(findTestObject("Object Repository/cogmento/test/Page_Cogmento CRM/input_Middle Name(s)_middle_name"), "Rakeshbhai"): Text 'Rakeshbhai' is set on object 'Object Repository/cogmento/test/Page_Cogmento CRM/input_Middle Name(s)_middle_name'

2023-06-09 10:53:05 - [MESSAGE][PASSED] - Text 'Rakeshbhai' is set on object 'Object Repository/cogmento/test/Page_Cogmento CRM/input_Middle Name(s)_middle_name'

2023-06-09 10:53:05 - [TEST_STEP][PASSED] - setText(findTestObject("Object Repository/cogmento/test/Page_Cogmento CRM/input_Email_value"), "deep@gmail.com"): Text 'deep@gmail.com' is set on object 'Object Repository/cogmento/test/Page_Cogmento CRM/input_Email_value'

2023-06-09 10:53:06 - [MESSAGE][PASSED] - Text 'deep@gmail.com' is set on object 'Object Repository/cogmento/test/Page_Cogmento CRM/input_Email_value'

2023-06-09 10:53:06 - [TEST_STEP][PASSED] - click(findTestObject("Object Repository/cogmento/test/Page_Cogmento CRM/label_Do not Call")): Object: 'Object Repository/cogmento/test/Page_Cogmento CRM/label_Do not Call' is clicked on

2023-06-09 10:53:07 - [MESSAGE][PASSED] - Object: 'Object Repository/cogmento/test/Page_Cogmento CRM/label_Do not Call' is clicked on

2023-06-09 10:53:07 - [TEST_STEP][PASSED] - click(findTestObject("Object Repository/cogmento/test/Page_Cogmento CRM/label_Do not Text")): Object: 'Object Repository/cogmento/test/Page_Cogmento CRM/label_Do not Text' is clicked on

2023-06-09 10:53:07 - [MESSAGE][PASSED] - Object: 'Object Repository/cogmento/test/Page_Cogmento CRM/label_Do not Text' is clicked on

2023-06-09 10:53:07 - [TEST_STEP][PASSED] - click(findTestObject("Object Repository/cogmento/test/Page_Cogmento CRM/label_Do not Email")): Object: 'Object Repository/cogmento/test/Page_Cogmento CRM/label_Do not Email' is clicked on

2023-06-09 10:53:08 - [MESSAGE][PASSED] - Object: 'Object Repository/cogmento/test/Page_Cogmento CRM/label_Do not Email' is clicked on

2023-06-09 10:53:08 - [TEST_STEP][PASSED] - setText(findTestObject("Object Repository/cogmento/test/Page_Cogmento CRM/input_Birthday_day"), "22"): Text '22' is set on object 'Object Repository/cogmento/test/Page_Cogmento CRM/input_Birthday_day'

2023-06-09 10:53:09 - [MESSAGE][PASSED] - Text '22' is set on object 'Object Repository/cogmento/test/Page_Cogmento CRM/input_Birthday_day'

2023-06-09 10:53:09 - [TEST_STEP][PASSED] - click(findTestObject("Object Repository/cogmento/test/Page_Cogmento CRM/div_October JanuaryFebruaryMarchAprilMayJun_aa3d2b")): Object: 'Object Repository/cogmento/test/Page_Cogmento CRM/div_October JanuaryFebruaryMarchAprilMayJun_aa3d2b' is clicked on

2023-06-09 10:53:09 - [MESSAGE][PASSED] - Object: 'Object Repository/cogmento/test/Page_Cogmento CRM/div_October JanuaryFebruaryMarchAprilMayJun_aa3d2b' is clicked on

2023-06-09 10:53:09 - [TEST_STEP][PASSED] - month = "February": null

2023-06-09 10:53:09 - [TEST_STEP][PASSED] - click(findTestObject("Object Repository/cogmento/test/Page_Cogmento CRM/span_December", ["EmpMonth":month])): Object: 'Object Repository/cogmento/test/Page_Cogmento CRM/span_December' is clicked on

2023-06-09 10:53:10 - [MESSAGE][PASSED] - Object: 'Object Repository/cogmento/test/Page_Cogmento CRM/span_December' is clicked on

2023-06-09 10:53:10 - [TEST_STEP][PASSED] - setText(findTestObject("Object Repository/cogmento/test/Page_Cogmento CRM/input_December_year"), "2002"): Text '2002' is set on object 'Object Repository/cogmento/test/Page_Cogmento CRM/input_December_year'

2023-06-09 10:53:11 - [MESSAGE][PASSED] - Text '2002' is set on object 'Object Repository/cogmento/test/Page_Cogmento CRM/input_December_year'

2023-06-09 10:53:11 - [TEST_STEP][PASSED] - click(findTestObject("Object Repository/cogmento/createContact/button_Save")): Object: 'Object Repository/cogmento/createContact/button_Save' is clicked on

2023-06-09 10:53:11 - [MESSAGE][PASSED] - Object: 'Object Repository/cogmento/createContact/button_Save' is clicked on

2023-06-09 10:53:11 - [TEST_STEP][PASSED] - try: Text 'Deep Patel' is present on page 

2023-06-09 10:53:11 - [TEST_STEP][PASSED] - verifyTextPresent(FirstName + " " + LastName, false): Text 'Deep Patel' is present on page 

2023-06-09 10:53:14 - [MESSAGE][PASSED] - Text 'Deep Patel' is present on page 

2023-06-09 10:53:14 - [TEST_STEP][PASSED] - Start tear down : logout: Method 'logout' complete successfully

2023-06-09 10:53:14 - [TEST_STEP][PASSED] - try: Text 'Forgot your password?' is present on page 

2023-06-09 10:53:14 - [TEST_STEP][PASSED] - waitForPageLoad(5): Wait for page load successfully

2023-06-09 10:53:14 - [MESSAGE][PASSED] - Wait for page load successfully

2023-06-09 10:53:14 - [TEST_STEP][PASSED] - click(findTestObject("Object Repository/cogmento/createContact/i_Free account_settings icon")): Object: 'Object Repository/cogmento/createContact/i_Free account_settings icon' is clicked on

2023-06-09 10:53:14 - [MESSAGE][PASSED] - Object: 'Object Repository/cogmento/createContact/i_Free account_settings icon' is clicked on

2023-06-09 10:53:14 - [TEST_STEP][PASSED] - click(findTestObject("Object Repository/cogmento/createContact/span_Log Out")): Object: 'Object Repository/cogmento/createContact/span_Log Out' is clicked on

2023-06-09 10:53:15 - [MESSAGE][PASSED] - Object: 'Object Repository/cogmento/createContact/span_Log Out' is clicked on

2023-06-09 10:53:15 - [TEST_STEP][PASSED] - waitForPageLoad(5): Wait for page load successfully

2023-06-09 10:53:15 - [MESSAGE][PASSED] - Wait for page load successfully

2023-06-09 10:53:15 - [TEST_STEP][PASSED] - verifyTextPresent("Forgot your password?", false): Text 'Forgot your password?' is present on page 

2023-06-09 10:53:18 - [MESSAGE][PASSED] - Text 'Forgot your password?' is present on page 

2023-06-09 10:53:18 - [MESSAGE][PASSED] - Method 'logout' complete successfully

2023-06-09 10:53:18 - [TEST_STEP][PASSED] - Start listener action : assertmessage: null

2023-06-09 10:53:18 - [TEST_STEP][PASSED] - println("Testcase Run successfully."): null]]></system-out>
         <system-err><![CDATA[]]></system-err>
      </testcase>
      <testcase name="Test Cases/createContact" time="21.904" classname="Test Cases/createContact" status="PASSED">
         <system-out><![CDATA[2023-06-09 10:53:18 - [TEST_CASE][PASSED] - Test Cases/createContact: Test Cases/createContact

2023-06-09 10:53:18 - [TEST_STEP][PASSED] - Start listener action : maximize: Current window maximized

2023-06-09 10:53:18 - [TEST_STEP][PASSED] - maximizeWindow(): Current window maximized

2023-06-09 10:53:18 - [MESSAGE][PASSED] - Current window maximized

2023-06-09 10:53:18 - [TEST_STEP][PASSED] - Start setup action : login: Method 'login' complete successfully

2023-06-09 10:53:18 - [TEST_STEP][PASSED] - navigateToUrl(URL): Navigate to 'https://ui.cogmento.com/' successfully

2023-06-09 10:53:19 - [MESSAGE][PASSED] - Navigate to 'https://ui.cogmento.com/' successfully

2023-06-09 10:53:19 - [TEST_STEP][PASSED] - username_object = "Object Repository/cogmento/createContact/input_Login_email": null

2023-06-09 10:53:19 - [TEST_STEP][PASSED] - password_object = "Object Repository/cogmento/createContact/input_Login_password": null

2023-06-09 10:53:19 - [TEST_STEP][PASSED] - loginBtn_object = "Object Repository/cogmento/createContact/div_Login": null

2023-06-09 10:53:19 - [TEST_STEP][PASSED] - com.LoginCogmento.Login(username_object, password_object, loginBtn_object, username, password): com.LoginCogmento.Login is PASSED

2023-06-09 10:53:20 - [MESSAGE][PASSED] - Text 'deep.p@simformsolutions.com' is set on object 'Object Repository/cogmento/createContact/input_Login_email'

2023-06-09 10:53:21 - [MESSAGE][PASSED] - Text 'Deep@123' is set on object 'Object Repository/cogmento/createContact/input_Login_password'

2023-06-09 10:53:21 - [MESSAGE][PASSED] - Object: 'Object Repository/cogmento/createContact/div_Login' is clicked on

2023-06-09 10:53:21 - [MESSAGE][PASSED] - com.LoginCogmento.Login is PASSED

2023-06-09 10:53:21 - [MESSAGE][PASSED] - Method 'login' complete successfully

2023-06-09 10:53:21 - [TEST_STEP][PASSED] - verifyMatch(getUrl(), URL, false): Actual text 'https://ui.cogmento.com/' and expected text 'https://ui.cogmento.com/' are matched 

2023-06-09 10:53:21 - [MESSAGE][PASSED] - Current window's url is: 'https://ui.cogmento.com/'

2023-06-09 10:53:21 - [MESSAGE][PASSED] - Actual text 'https://ui.cogmento.com/' and expected text 'https://ui.cogmento.com/' are matched 

2023-06-09 10:53:21 - [TEST_STEP][PASSED] - assert getWindowTitle() == "Cogmento CRM": Current window's title is: 'Cogmento CRM'

2023-06-09 10:53:21 - [MESSAGE][PASSED] - Current window's title is: 'Cogmento CRM'

2023-06-09 10:53:21 - [TEST_STEP][PASSED] - click(findTestObject("Object Repository/cogmento/createContact/i_Calendar_users icon")): Object: 'Object Repository/cogmento/createContact/i_Calendar_users icon' is clicked on

2023-06-09 10:53:24 - [MESSAGE][PASSED] - Object: 'Object Repository/cogmento/createContact/i_Calendar_users icon' is clicked on

2023-06-09 10:53:24 - [TEST_STEP][PASSED] - click(findTestObject("Object Repository/cogmento/createContact/button_Create")): Object: 'Object Repository/cogmento/createContact/button_Create' is clicked on

2023-06-09 10:53:25 - [MESSAGE][PASSED] - Object: 'Object Repository/cogmento/createContact/button_Create' is clicked on

2023-06-09 10:53:25 - [TEST_STEP][PASSED] - setText(findTestObject("Object Repository/cogmento/createContact/input_First Name_first_name"), FirstName): Text 'Dharm' is set on object 'Object Repository/cogmento/createContact/input_First Name_first_name'

2023-06-09 10:53:26 - [MESSAGE][PASSED] - Text 'Dharm' is set on object 'Object Repository/cogmento/createContact/input_First Name_first_name'

2023-06-09 10:53:26 - [TEST_STEP][PASSED] - setText(findTestObject("Object Repository/cogmento/createContact/input_Last Name_last_name"), LastName): Text 'Patel' is set on object 'Object Repository/cogmento/createContact/input_Last Name_last_name'

2023-06-09 10:53:27 - [MESSAGE][PASSED] - Text 'Patel' is set on object 'Object Repository/cogmento/createContact/input_Last Name_last_name'

2023-06-09 10:53:27 - [TEST_STEP][PASSED] - setText(findTestObject("Object Repository/cogmento/test/Page_Cogmento CRM/input_Middle Name(s)_middle_name"), "Rakeshbhai"): Text 'Rakeshbhai' is set on object 'Object Repository/cogmento/test/Page_Cogmento CRM/input_Middle Name(s)_middle_name'

2023-06-09 10:53:29 - [MESSAGE][PASSED] - Text 'Rakeshbhai' is set on object 'Object Repository/cogmento/test/Page_Cogmento CRM/input_Middle Name(s)_middle_name'

2023-06-09 10:53:29 - [TEST_STEP][PASSED] - setText(findTestObject("Object Repository/cogmento/test/Page_Cogmento CRM/input_Email_value"), "deep@gmail.com"): Text 'deep@gmail.com' is set on object 'Object Repository/cogmento/test/Page_Cogmento CRM/input_Email_value'

2023-06-09 10:53:30 - [MESSAGE][PASSED] - Text 'deep@gmail.com' is set on object 'Object Repository/cogmento/test/Page_Cogmento CRM/input_Email_value'

2023-06-09 10:53:30 - [TEST_STEP][PASSED] - click(findTestObject("Object Repository/cogmento/test/Page_Cogmento CRM/label_Do not Call")): Object: 'Object Repository/cogmento/test/Page_Cogmento CRM/label_Do not Call' is clicked on

2023-06-09 10:53:30 - [MESSAGE][PASSED] - Object: 'Object Repository/cogmento/test/Page_Cogmento CRM/label_Do not Call' is clicked on

2023-06-09 10:53:30 - [TEST_STEP][PASSED] - click(findTestObject("Object Repository/cogmento/test/Page_Cogmento CRM/label_Do not Text")): Object: 'Object Repository/cogmento/test/Page_Cogmento CRM/label_Do not Text' is clicked on

2023-06-09 10:53:31 - [MESSAGE][PASSED] - Object: 'Object Repository/cogmento/test/Page_Cogmento CRM/label_Do not Text' is clicked on

2023-06-09 10:53:31 - [TEST_STEP][PASSED] - click(findTestObject("Object Repository/cogmento/test/Page_Cogmento CRM/label_Do not Email")): Object: 'Object Repository/cogmento/test/Page_Cogmento CRM/label_Do not Email' is clicked on

2023-06-09 10:53:31 - [MESSAGE][PASSED] - Object: 'Object Repository/cogmento/test/Page_Cogmento CRM/label_Do not Email' is clicked on

2023-06-09 10:53:31 - [TEST_STEP][PASSED] - setText(findTestObject("Object Repository/cogmento/test/Page_Cogmento CRM/input_Birthday_day"), "22"): Text '22' is set on object 'Object Repository/cogmento/test/Page_Cogmento CRM/input_Birthday_day'

2023-06-09 10:53:32 - [MESSAGE][PASSED] - Text '22' is set on object 'Object Repository/cogmento/test/Page_Cogmento CRM/input_Birthday_day'

2023-06-09 10:53:32 - [TEST_STEP][PASSED] - click(findTestObject("Object Repository/cogmento/test/Page_Cogmento CRM/div_October JanuaryFebruaryMarchAprilMayJun_aa3d2b")): Object: 'Object Repository/cogmento/test/Page_Cogmento CRM/div_October JanuaryFebruaryMarchAprilMayJun_aa3d2b' is clicked on

2023-06-09 10:53:32 - [MESSAGE][PASSED] - Object: 'Object Repository/cogmento/test/Page_Cogmento CRM/div_October JanuaryFebruaryMarchAprilMayJun_aa3d2b' is clicked on

2023-06-09 10:53:32 - [TEST_STEP][PASSED] - month = "February": null

2023-06-09 10:53:32 - [TEST_STEP][PASSED] - click(findTestObject("Object Repository/cogmento/test/Page_Cogmento CRM/span_December", ["EmpMonth":month])): Object: 'Object Repository/cogmento/test/Page_Cogmento CRM/span_December' is clicked on

2023-06-09 10:53:33 - [MESSAGE][PASSED] - Object: 'Object Repository/cogmento/test/Page_Cogmento CRM/span_December' is clicked on

2023-06-09 10:53:33 - [TEST_STEP][PASSED] - setText(findTestObject("Object Repository/cogmento/test/Page_Cogmento CRM/input_December_year"), "2002"): Text '2002' is set on object 'Object Repository/cogmento/test/Page_Cogmento CRM/input_December_year'

2023-06-09 10:53:34 - [MESSAGE][PASSED] - Text '2002' is set on object 'Object Repository/cogmento/test/Page_Cogmento CRM/input_December_year'

2023-06-09 10:53:34 - [TEST_STEP][PASSED] - click(findTestObject("Object Repository/cogmento/createContact/button_Save")): Object: 'Object Repository/cogmento/createContact/button_Save' is clicked on

2023-06-09 10:53:35 - [MESSAGE][PASSED] - Object: 'Object Repository/cogmento/createContact/button_Save' is clicked on

2023-06-09 10:53:35 - [TEST_STEP][PASSED] - try: Text 'Dharm Patel' is present on page 

2023-06-09 10:53:35 - [TEST_STEP][PASSED] - verifyTextPresent(FirstName + " " + LastName, false): Text 'Dharm Patel' is present on page 

2023-06-09 10:53:36 - [MESSAGE][PASSED] - Text 'Dharm Patel' is present on page 

2023-06-09 10:53:36 - [TEST_STEP][PASSED] - Start tear down : logout: Method 'logout' complete successfully

2023-06-09 10:53:36 - [TEST_STEP][PASSED] - try: Text 'Forgot your password?' is present on page 

2023-06-09 10:53:36 - [TEST_STEP][PASSED] - waitForPageLoad(5): Wait for page load successfully

2023-06-09 10:53:36 - [MESSAGE][PASSED] - Wait for page load successfully

2023-06-09 10:53:36 - [TEST_STEP][PASSED] - click(findTestObject("Object Repository/cogmento/createContact/i_Free account_settings icon")): Object: 'Object Repository/cogmento/createContact/i_Free account_settings icon' is clicked on

2023-06-09 10:53:37 - [MESSAGE][PASSED] - Object: 'Object Repository/cogmento/createContact/i_Free account_settings icon' is clicked on

2023-06-09 10:53:37 - [TEST_STEP][PASSED] - click(findTestObject("Object Repository/cogmento/createContact/span_Log Out")): Object: 'Object Repository/cogmento/createContact/span_Log Out' is clicked on

2023-06-09 10:53:37 - [MESSAGE][PASSED] - Object: 'Object Repository/cogmento/createContact/span_Log Out' is clicked on

2023-06-09 10:53:37 - [TEST_STEP][PASSED] - waitForPageLoad(5): Wait for page load successfully

2023-06-09 10:53:37 - [MESSAGE][PASSED] - Wait for page load successfully

2023-06-09 10:53:37 - [TEST_STEP][PASSED] - verifyTextPresent("Forgot your password?", false): Text 'Forgot your password?' is present on page 

2023-06-09 10:53:40 - [MESSAGE][PASSED] - Text 'Forgot your password?' is present on page 

2023-06-09 10:53:40 - [MESSAGE][PASSED] - Method 'logout' complete successfully

2023-06-09 10:53:40 - [TEST_STEP][PASSED] - Start listener action : assertmessage: null

2023-06-09 10:53:40 - [TEST_STEP][PASSED] - println("Testcase Run successfully."): null]]></system-out>
         <system-err><![CDATA[]]></system-err>
      </testcase>
      <testcase name="Test Cases/createContact" time="22.309" classname="Test Cases/createContact" status="PASSED">
         <system-out><![CDATA[2023-06-09 10:53:40 - [TEST_CASE][PASSED] - Test Cases/createContact: Test Cases/createContact

2023-06-09 10:53:40 - [TEST_STEP][PASSED] - Start listener action : maximize: Current window maximized

2023-06-09 10:53:40 - [TEST_STEP][PASSED] - maximizeWindow(): Current window maximized

2023-06-09 10:53:40 - [MESSAGE][PASSED] - Current window maximized

2023-06-09 10:53:40 - [TEST_STEP][PASSED] - Start setup action : login: Method 'login' complete successfully

2023-06-09 10:53:40 - [TEST_STEP][PASSED] - navigateToUrl(URL): Navigate to 'https://ui.cogmento.com/' successfully

2023-06-09 10:53:41 - [MESSAGE][PASSED] - Navigate to 'https://ui.cogmento.com/' successfully

2023-06-09 10:53:41 - [TEST_STEP][PASSED] - username_object = "Object Repository/cogmento/createContact/input_Login_email": null

2023-06-09 10:53:41 - [TEST_STEP][PASSED] - password_object = "Object Repository/cogmento/createContact/input_Login_password": null

2023-06-09 10:53:41 - [TEST_STEP][PASSED] - loginBtn_object = "Object Repository/cogmento/createContact/div_Login": null

2023-06-09 10:53:41 - [TEST_STEP][PASSED] - com.LoginCogmento.Login(username_object, password_object, loginBtn_object, username, password): com.LoginCogmento.Login is PASSED

2023-06-09 10:53:42 - [MESSAGE][PASSED] - Text 'deep.p@simformsolutions.com' is set on object 'Object Repository/cogmento/createContact/input_Login_email'

2023-06-09 10:53:43 - [MESSAGE][PASSED] - Text 'Deep@123' is set on object 'Object Repository/cogmento/createContact/input_Login_password'

2023-06-09 10:53:43 - [MESSAGE][PASSED] - Object: 'Object Repository/cogmento/createContact/div_Login' is clicked on

2023-06-09 10:53:43 - [MESSAGE][PASSED] - com.LoginCogmento.Login is PASSED

2023-06-09 10:53:43 - [MESSAGE][PASSED] - Method 'login' complete successfully

2023-06-09 10:53:43 - [TEST_STEP][PASSED] - verifyMatch(getUrl(), URL, false): Actual text 'https://ui.cogmento.com/' and expected text 'https://ui.cogmento.com/' are matched 

2023-06-09 10:53:43 - [MESSAGE][PASSED] - Current window's url is: 'https://ui.cogmento.com/'

2023-06-09 10:53:43 - [MESSAGE][PASSED] - Actual text 'https://ui.cogmento.com/' and expected text 'https://ui.cogmento.com/' are matched 

2023-06-09 10:53:43 - [TEST_STEP][PASSED] - assert getWindowTitle() == "Cogmento CRM": Current window's title is: 'Cogmento CRM'

2023-06-09 10:53:43 - [MESSAGE][PASSED] - Current window's title is: 'Cogmento CRM'

2023-06-09 10:53:43 - [TEST_STEP][PASSED] - click(findTestObject("Object Repository/cogmento/createContact/i_Calendar_users icon")): Object: 'Object Repository/cogmento/createContact/i_Calendar_users icon' is clicked on

2023-06-09 10:53:46 - [MESSAGE][PASSED] - Object: 'Object Repository/cogmento/createContact/i_Calendar_users icon' is clicked on

2023-06-09 10:53:46 - [TEST_STEP][PASSED] - click(findTestObject("Object Repository/cogmento/createContact/button_Create")): Object: 'Object Repository/cogmento/createContact/button_Create' is clicked on

2023-06-09 10:53:47 - [MESSAGE][PASSED] - Object: 'Object Repository/cogmento/createContact/button_Create' is clicked on

2023-06-09 10:53:47 - [TEST_STEP][PASSED] - setText(findTestObject("Object Repository/cogmento/createContact/input_First Name_first_name"), FirstName): Text 'Kunj' is set on object 'Object Repository/cogmento/createContact/input_First Name_first_name'

2023-06-09 10:53:48 - [MESSAGE][PASSED] - Text 'Kunj' is set on object 'Object Repository/cogmento/createContact/input_First Name_first_name'

2023-06-09 10:53:48 - [TEST_STEP][PASSED] - setText(findTestObject("Object Repository/cogmento/createContact/input_Last Name_last_name"), LastName): Text 'Kaneria' is set on object 'Object Repository/cogmento/createContact/input_Last Name_last_name'

2023-06-09 10:53:49 - [MESSAGE][PASSED] - Text 'Kaneria' is set on object 'Object Repository/cogmento/createContact/input_Last Name_last_name'

2023-06-09 10:53:49 - [TEST_STEP][PASSED] - setText(findTestObject("Object Repository/cogmento/test/Page_Cogmento CRM/input_Middle Name(s)_middle_name"), "Rakeshbhai"): Text 'Rakeshbhai' is set on object 'Object Repository/cogmento/test/Page_Cogmento CRM/input_Middle Name(s)_middle_name'

2023-06-09 10:53:50 - [MESSAGE][PASSED] - Text 'Rakeshbhai' is set on object 'Object Repository/cogmento/test/Page_Cogmento CRM/input_Middle Name(s)_middle_name'

2023-06-09 10:53:50 - [TEST_STEP][PASSED] - setText(findTestObject("Object Repository/cogmento/test/Page_Cogmento CRM/input_Email_value"), "deep@gmail.com"): Text 'deep@gmail.com' is set on object 'Object Repository/cogmento/test/Page_Cogmento CRM/input_Email_value'

2023-06-09 10:53:52 - [MESSAGE][PASSED] - Text 'deep@gmail.com' is set on object 'Object Repository/cogmento/test/Page_Cogmento CRM/input_Email_value'

2023-06-09 10:53:52 - [TEST_STEP][PASSED] - click(findTestObject("Object Repository/cogmento/test/Page_Cogmento CRM/label_Do not Call")): Object: 'Object Repository/cogmento/test/Page_Cogmento CRM/label_Do not Call' is clicked on

2023-06-09 10:53:52 - [MESSAGE][PASSED] - Object: 'Object Repository/cogmento/test/Page_Cogmento CRM/label_Do not Call' is clicked on

2023-06-09 10:53:52 - [TEST_STEP][PASSED] - click(findTestObject("Object Repository/cogmento/test/Page_Cogmento CRM/label_Do not Text")): Object: 'Object Repository/cogmento/test/Page_Cogmento CRM/label_Do not Text' is clicked on

2023-06-09 10:53:53 - [MESSAGE][PASSED] - Object: 'Object Repository/cogmento/test/Page_Cogmento CRM/label_Do not Text' is clicked on

2023-06-09 10:53:53 - [TEST_STEP][PASSED] - click(findTestObject("Object Repository/cogmento/test/Page_Cogmento CRM/label_Do not Email")): Object: 'Object Repository/cogmento/test/Page_Cogmento CRM/label_Do not Email' is clicked on

2023-06-09 10:53:53 - [MESSAGE][PASSED] - Object: 'Object Repository/cogmento/test/Page_Cogmento CRM/label_Do not Email' is clicked on

2023-06-09 10:53:53 - [TEST_STEP][PASSED] - setText(findTestObject("Object Repository/cogmento/test/Page_Cogmento CRM/input_Birthday_day"), "22"): Text '22' is set on object 'Object Repository/cogmento/test/Page_Cogmento CRM/input_Birthday_day'

2023-06-09 10:53:54 - [MESSAGE][PASSED] - Text '22' is set on object 'Object Repository/cogmento/test/Page_Cogmento CRM/input_Birthday_day'

2023-06-09 10:53:54 - [TEST_STEP][PASSED] - click(findTestObject("Object Repository/cogmento/test/Page_Cogmento CRM/div_October JanuaryFebruaryMarchAprilMayJun_aa3d2b")): Object: 'Object Repository/cogmento/test/Page_Cogmento CRM/div_October JanuaryFebruaryMarchAprilMayJun_aa3d2b' is clicked on

2023-06-09 10:53:54 - [MESSAGE][PASSED] - Object: 'Object Repository/cogmento/test/Page_Cogmento CRM/div_October JanuaryFebruaryMarchAprilMayJun_aa3d2b' is clicked on

2023-06-09 10:53:54 - [TEST_STEP][PASSED] - month = "February": null

2023-06-09 10:53:54 - [TEST_STEP][PASSED] - click(findTestObject("Object Repository/cogmento/test/Page_Cogmento CRM/span_December", ["EmpMonth":month])): Object: 'Object Repository/cogmento/test/Page_Cogmento CRM/span_December' is clicked on

2023-06-09 10:53:55 - [MESSAGE][PASSED] - Object: 'Object Repository/cogmento/test/Page_Cogmento CRM/span_December' is clicked on

2023-06-09 10:53:55 - [TEST_STEP][PASSED] - setText(findTestObject("Object Repository/cogmento/test/Page_Cogmento CRM/input_December_year"), "2002"): Text '2002' is set on object 'Object Repository/cogmento/test/Page_Cogmento CRM/input_December_year'

2023-06-09 10:53:56 - [MESSAGE][PASSED] - Text '2002' is set on object 'Object Repository/cogmento/test/Page_Cogmento CRM/input_December_year'

2023-06-09 10:53:56 - [TEST_STEP][PASSED] - click(findTestObject("Object Repository/cogmento/createContact/button_Save")): Object: 'Object Repository/cogmento/createContact/button_Save' is clicked on

2023-06-09 10:53:57 - [MESSAGE][PASSED] - Object: 'Object Repository/cogmento/createContact/button_Save' is clicked on

2023-06-09 10:53:57 - [TEST_STEP][PASSED] - try: Text 'Kunj Kaneria' is present on page 

2023-06-09 10:53:57 - [TEST_STEP][PASSED] - verifyTextPresent(FirstName + " " + LastName, false): Text 'Kunj Kaneria' is present on page 

2023-06-09 10:53:59 - [MESSAGE][PASSED] - Text 'Kunj Kaneria' is present on page 

2023-06-09 10:53:59 - [TEST_STEP][PASSED] - Start tear down : logout: Method 'logout' complete successfully

2023-06-09 10:53:59 - [TEST_STEP][PASSED] - try: Text 'Forgot your password?' is present on page 

2023-06-09 10:53:59 - [TEST_STEP][PASSED] - waitForPageLoad(5): Wait for page load successfully

2023-06-09 10:53:59 - [MESSAGE][PASSED] - Wait for page load successfully

2023-06-09 10:53:59 - [TEST_STEP][PASSED] - click(findTestObject("Object Repository/cogmento/createContact/i_Free account_settings icon")): Object: 'Object Repository/cogmento/createContact/i_Free account_settings icon' is clicked on

2023-06-09 10:53:59 - [MESSAGE][PASSED] - Object: 'Object Repository/cogmento/createContact/i_Free account_settings icon' is clicked on

2023-06-09 10:53:59 - [TEST_STEP][PASSED] - click(findTestObject("Object Repository/cogmento/createContact/span_Log Out")): Object: 'Object Repository/cogmento/createContact/span_Log Out' is clicked on

2023-06-09 10:54:00 - [MESSAGE][PASSED] - Object: 'Object Repository/cogmento/createContact/span_Log Out' is clicked on

2023-06-09 10:54:00 - [TEST_STEP][PASSED] - waitForPageLoad(5): Wait for page load successfully

2023-06-09 10:54:00 - [MESSAGE][PASSED] - Wait for page load successfully

2023-06-09 10:54:00 - [TEST_STEP][PASSED] - verifyTextPresent("Forgot your password?", false): Text 'Forgot your password?' is present on page 

2023-06-09 10:54:02 - [MESSAGE][PASSED] - Text 'Forgot your password?' is present on page 

2023-06-09 10:54:02 - [MESSAGE][PASSED] - Method 'logout' complete successfully

2023-06-09 10:54:02 - [TEST_STEP][PASSED] - Start listener action : assertmessage: null

2023-06-09 10:54:02 - [TEST_STEP][PASSED] - println("Testcase Run successfully."): null]]></system-out>
         <system-err><![CDATA[]]></system-err>
      </testcase>
      <system-out><![CDATA[2023-06-09 10:52:49 - [TEST_SUITE][PASSED] - createContact: Test Cases/createContact]]></system-out>
      <system-err><![CDATA[]]></system-err>
   </testsuite>
</testsuites>
