<?xml version="1.0" encoding="UTF-8"?>
<testsuites name="updatecontact" time="22.427" tests="1" failures="0" errors="0">
   <testsuite name="updatecontact" tests="1" failures="0" errors="0" time="22.427" skipped="0" timestamp="2023-06-09 19:20:02" hostname="deep - SF-CPU-460" id="Test Suites/updatecontact">
      <properties>
         <property name="deviceName" value=""/>
         <property name="devicePlatform" value=""/>
         <property name="logFolder" value="/home/deep/git/FinalAssignmentKatalon/Reports/20230609_191956/updatecontact/20230609_191956"/>
         <property name="logFiles" value="/home/deep/git/FinalAssignmentKatalon/Reports/20230609_191956/updatecontact/20230609_191956/execution0.log"/>
         <property name="attachments" value=""/>
         <property name="hostName" value="deep - SF-CPU-460"/>
         <property name="os" value="Linux 64bit"/>
         <property name="katalonVersion" value="8.6.0.208"/>
         <property name="browser" value="Chrome 109.0.0.0"/>
         <property name="hostAddress" value="127.0.1.1"/>
         <property name="sessionId" value="afee55a54a2bc33ecbaefb2198cfb5c1"/>
         <property name="seleniumVersion" value="3.141.59"/>
         <property name="proxyInformation" value="ProxyInformation { proxyOption=NO_PROXY, proxyServerType=HTTP, username=, password=********, proxyServerAddress=, proxyServerPort=0, executionList=&quot;&quot;, isApplyToDesiredCapabilities=true }"/>
         <property name="platform" value="Linux"/>
      </properties>
      <testcase name="Test Cases/updateContact" time="21.363" classname="Test Cases/updateContact" status="PASSED">
         <system-out><![CDATA[2023-06-09 19:20:03 - [TEST_CASE][PASSED] - Test Cases/updateContact: Test Cases/updateContact

2023-06-09 19:20:03 - [TEST_STEP][PASSED] - Start listener action : maximize: Current window maximized

2023-06-09 19:20:03 - [TEST_STEP][PASSED] - maximizeWindow(): Current window maximized

2023-06-09 19:20:03 - [MESSAGE][PASSED] - Current window maximized

2023-06-09 19:20:03 - [TEST_STEP][PASSED] - Start setup action : login: Method 'login' complete successfully

2023-06-09 19:20:04 - [TEST_STEP][PASSED] - navigateToUrl(URL): Navigate to 'https://ui.cogmento.com/' successfully

2023-06-09 19:20:07 - [MESSAGE][PASSED] - Navigate to 'https://ui.cogmento.com/' successfully

2023-06-09 19:20:07 - [TEST_STEP][PASSED] - username_object = "Object Repository/cogmento/createContact/input_Login_email": null

2023-06-09 19:20:07 - [TEST_STEP][PASSED] - password_object = "Object Repository/cogmento/createContact/input_Login_password": null

2023-06-09 19:20:07 - [TEST_STEP][PASSED] - loginBtn_object = "Object Repository/cogmento/createContact/div_Login": null

2023-06-09 19:20:07 - [TEST_STEP][PASSED] - com.LoginCogmento.Login(username_object, password_object, loginBtn_object, username, password): com.LoginCogmento.Login is PASSED

2023-06-09 19:20:08 - [MESSAGE][PASSED] - Text 'deep.p@simformsolutions.com' is set on object 'Object Repository/cogmento/createContact/input_Login_email'

2023-06-09 19:20:09 - [MESSAGE][PASSED] - Text 'Deep@123' is set on object 'Object Repository/cogmento/createContact/input_Login_password'

2023-06-09 19:20:09 - [MESSAGE][PASSED] - Object: 'Object Repository/cogmento/createContact/div_Login' is clicked on

2023-06-09 19:20:09 - [MESSAGE][PASSED] - com.LoginCogmento.Login is PASSED

2023-06-09 19:20:09 - [MESSAGE][PASSED] - Method 'login' complete successfully

2023-06-09 19:20:09 - [TEST_STEP][PASSED] - verifyMatch(getUrl(), URL, false): Actual text 'https://ui.cogmento.com/' and expected text 'https://ui.cogmento.com/' are matched 

2023-06-09 19:20:09 - [MESSAGE][PASSED] - Current window's url is: 'https://ui.cogmento.com/'

2023-06-09 19:20:09 - [MESSAGE][PASSED] - Actual text 'https://ui.cogmento.com/' and expected text 'https://ui.cogmento.com/' are matched 

2023-06-09 19:20:09 - [TEST_STEP][PASSED] - assert getWindowTitle() == "Cogmento CRM": Current window's title is: 'Cogmento CRM'

2023-06-09 19:20:09 - [MESSAGE][PASSED] - Current window's title is: 'Cogmento CRM'

2023-06-09 19:20:09 - [TEST_STEP][PASSED] - com.updatecontact.updateForm(): com.updatecontact.updateForm is PASSED

2023-06-09 19:20:13 - [MESSAGE][PASSED] - Object: 'Object Repository/cogmento/updateContact/Page_Cogmento CRM/i_Calendar_users icon' is clicked on

2023-06-09 19:20:15 - [MESSAGE][PASSED] - Object: 'Object Repository/cogmento/createContact/i_Free account_settings icon' is hovered

2023-06-09 19:20:15 - [MESSAGE][PASSED] - Object: 'Object Repository/cogmento/createContact/i_Free account_settings icon' is hovered

2023-06-09 19:20:16 - [MESSAGE][PASSED] - Object: 'Object Repository/cogmento/updateContact/Page_Cogmento CRM/a_Kunj Prafulkumar Kaneria' is clicked on

2023-06-09 19:20:18 - [MESSAGE][PASSED] - Object: 'Object Repository/cogmento/updateContact/Page_Cogmento CRM/i_Kunj Kaneria_edit icon' is clicked on

2023-06-09 19:20:19 - [MESSAGE][PASSED] - Object: 'Object Repository/cogmento/updateContact/Page_Cogmento CRM/button_Public' is clicked on

2023-06-09 19:20:19 - [MESSAGE][PASSED] - Object: 'Object Repository/cogmento/updateContact/Page_Cogmento CRM/button_Save' is clicked on

2023-06-09 19:20:21 - [MESSAGE][PASSED] - Text 'Only you can see this record.' is present on page 

2023-06-09 19:20:21 - [MESSAGE][PASSED] - com.updatecontact.updateForm is PASSED

2023-06-09 19:20:21 - [TEST_STEP][PASSED] - Start tear down : logout: Method 'logout' complete successfully

2023-06-09 19:20:21 - [TEST_STEP][PASSED] - try: Text 'Forgot your password?' is present on page 

2023-06-09 19:20:21 - [TEST_STEP][PASSED] - waitForPageLoad(5): Wait for page load successfully

2023-06-09 19:20:21 - [MESSAGE][PASSED] - Wait for page load successfully

2023-06-09 19:20:21 - [TEST_STEP][PASSED] - click(findTestObject("Object Repository/cogmento/createContact/i_Free account_settings icon")): Object: 'Object Repository/cogmento/createContact/i_Free account_settings icon' is clicked on

2023-06-09 19:20:21 - [MESSAGE][PASSED] - Object: 'Object Repository/cogmento/createContact/i_Free account_settings icon' is clicked on

2023-06-09 19:20:21 - [TEST_STEP][PASSED] - click(findTestObject("Object Repository/cogmento/createContact/span_Log Out")): Object: 'Object Repository/cogmento/createContact/span_Log Out' is clicked on

2023-06-09 19:20:22 - [MESSAGE][PASSED] - Object: 'Object Repository/cogmento/createContact/span_Log Out' is clicked on

2023-06-09 19:20:22 - [TEST_STEP][PASSED] - waitForPageLoad(5): Wait for page load successfully

2023-06-09 19:20:22 - [MESSAGE][PASSED] - Wait for page load successfully

2023-06-09 19:20:22 - [TEST_STEP][PASSED] - verifyTextPresent("Forgot your password?", false): Text 'Forgot your password?' is present on page 

2023-06-09 19:20:24 - [MESSAGE][PASSED] - Text 'Forgot your password?' is present on page 

2023-06-09 19:20:24 - [MESSAGE][PASSED] - Method 'logout' complete successfully

2023-06-09 19:20:24 - [TEST_STEP][PASSED] - Start listener action : assertmessage: null

2023-06-09 19:20:24 - [TEST_STEP][PASSED] - println("Testcase Run successfully."): null]]></system-out>
         <system-err><![CDATA[]]></system-err>
      </testcase>
      <system-out><![CDATA[2023-06-09 19:20:02 - [TEST_SUITE][PASSED] - updatecontact: Test Cases/updateContact]]></system-out>
      <system-err><![CDATA[]]></system-err>
   </testsuite>
</testsuites>
