<?xml version="1.0" encoding="UTF-8"?>
<testsuites name="Create Contact" time="84.348" tests="3" failures="0" errors="0">
   <testsuite name="Create Contact" tests="3" failures="0" errors="0" time="84.348" skipped="0" timestamp="2023-06-09 18:20:55" hostname="deep - SF-CPU-460" id="Test Suites/Create Contact">
      <properties>
         <property name="deviceName" value=""/>
         <property name="devicePlatform" value=""/>
         <property name="logFolder" value="/home/deep/git/FinalAssignmentKatalon/Reports/20230609_182048/Create Contact/20230609_182048"/>
         <property name="logFiles" value="/home/deep/git/FinalAssignmentKatalon/Reports/20230609_182048/Create Contact/20230609_182048/execution0.log"/>
         <property name="attachments" value=""/>
         <property name="hostName" value="deep - SF-CPU-460"/>
         <property name="os" value="Linux 64bit"/>
         <property name="katalonVersion" value="8.6.0.208"/>
         <property name="browser" value="Chrome 109.0.0.0"/>
         <property name="hostAddress" value="127.0.1.1"/>
         <property name="sessionId" value="fa7201f6c4cca3d9723d14f24e24054d"/>
         <property name="seleniumVersion" value="3.141.59"/>
         <property name="proxyInformation" value="ProxyInformation { proxyOption=NO_PROXY, proxyServerType=HTTP, username=, password=********, proxyServerAddress=, proxyServerPort=0, executionList=&quot;&quot;, isApplyToDesiredCapabilities=true }"/>
         <property name="platform" value="Linux"/>
      </properties>
      <testcase name="Test Cases/createContact" time="30.798" classname="Test Cases/createContact" status="PASSED">
         <system-out><![CDATA[2023-06-09 18:20:56 - [TEST_CASE][PASSED] - Test Cases/createContact: Test Cases/createContact

2023-06-09 18:20:56 - [TEST_STEP][PASSED] - Start listener action : maximize: Current window maximized

2023-06-09 18:20:56 - [TEST_STEP][PASSED] - maximizeWindow(): Current window maximized

2023-06-09 18:20:56 - [MESSAGE][PASSED] - Current window maximized

2023-06-09 18:20:56 - [TEST_STEP][PASSED] - Start setup action : login: Method 'login' complete successfully

2023-06-09 18:20:57 - [TEST_STEP][PASSED] - navigateToUrl(URL): Navigate to 'https://ui.cogmento.com/' successfully

2023-06-09 18:21:00 - [MESSAGE][PASSED] - Navigate to 'https://ui.cogmento.com/' successfully

2023-06-09 18:21:00 - [TEST_STEP][PASSED] - com.CreateContact.Login(username, password): com.CreateContact.Login is PASSED

2023-06-09 18:21:01 - [MESSAGE][PASSED] - Text 'deep.p@simformsolutions.com' is set on object 'Object Repository/cogmento/createContact/input_Login_email'

2023-06-09 18:21:02 - [MESSAGE][PASSED] - Text 'Deep@123' is set on object 'Object Repository/cogmento/createContact/input_Login_password'

2023-06-09 18:21:03 - [MESSAGE][PASSED] - Object: 'Object Repository/cogmento/createContact/div_Login' is clicked on

2023-06-09 18:21:03 - [MESSAGE][PASSED] - com.CreateContact.Login is PASSED

2023-06-09 18:21:03 - [MESSAGE][PASSED] - Method 'login' complete successfully

2023-06-09 18:21:03 - [TEST_STEP][PASSED] - verifyMatch(getUrl(), URL, false): Actual text 'https://ui.cogmento.com/' and expected text 'https://ui.cogmento.com/' are matched 

2023-06-09 18:21:03 - [MESSAGE][PASSED] - Current window's url is: 'https://ui.cogmento.com/'

2023-06-09 18:21:03 - [MESSAGE][PASSED] - Actual text 'https://ui.cogmento.com/' and expected text 'https://ui.cogmento.com/' are matched 

2023-06-09 18:21:03 - [TEST_STEP][PASSED] - assert getWindowTitle() == "Cogmento CRM": Current window's title is: 'Cogmento CRM'

2023-06-09 18:21:03 - [MESSAGE][PASSED] - Current window's title is: 'Cogmento CRM'

2023-06-09 18:21:03 - [TEST_STEP][PASSED] - com.CreateContact.enterbasicdetails(FirstName, LastName, MiddleName, Email): com.CreateContact.enterbasicdetails is PASSED

2023-06-09 18:21:07 - [MESSAGE][PASSED] - Object: 'Object Repository/cogmento/createContact/i_Calendar_users icon' is clicked on

2023-06-09 18:21:08 - [MESSAGE][PASSED] - Object: 'Object Repository/cogmento/createContact/button_Create' is clicked on

2023-06-09 18:21:10 - [MESSAGE][PASSED] - Text 'Deep' is set on object 'Object Repository/cogmento/createContact/input_First Name_first_name'

2023-06-09 18:21:11 - [MESSAGE][PASSED] - Text 'Patel' is set on object 'Object Repository/cogmento/createContact/input_Last Name_last_name'

2023-06-09 18:21:12 - [MESSAGE][PASSED] - Text 'Rakeshbhai' is set on object 'Object Repository/cogmento/test/Page_Cogmento CRM/input_Middle Name(s)_middle_name'

2023-06-09 18:21:13 - [MESSAGE][PASSED] - Text 'deep@gmail.com' is set on object 'Object Repository/cogmento/test/Page_Cogmento CRM/input_Email_value'

2023-06-09 18:21:13 - [MESSAGE][PASSED] - com.CreateContact.enterbasicdetails is PASSED

2023-06-09 18:21:13 - [TEST_STEP][PASSED] - com.CreateContact.setDND(Call, Text, DoEmail): com.CreateContact.setDND is PASSED

2023-06-09 18:21:14 - [MESSAGE][PASSED] - Object: 'Object Repository/cogmento/test/Page_Cogmento CRM/Page_Cogmento CRM/label_Do not Call' is clicked on

2023-06-09 18:21:14 - [MESSAGE][PASSED] - Object: 'Object Repository/cogmento/test/Page_Cogmento CRM/label_Do not Text' is clicked on

2023-06-09 18:21:14 - [MESSAGE][PASSED] - com.CreateContact.setDND is PASSED

2023-06-09 18:21:14 - [TEST_STEP][PASSED] - com.CreateContact.setBirthDate(BirthDay, BirthMonth, BirthYear): com.CreateContact.setBirthDate is PASSED

2023-06-09 18:21:15 - [MESSAGE][PASSED] - Text '22' is set on object 'Object Repository/cogmento/test/Page_Cogmento CRM/input_Birthday_day'

2023-06-09 18:21:16 - [MESSAGE][PASSED] - Object: 'Object Repository/cogmento/test/Page_Cogmento CRM/div_October JanuaryFebruaryMarchAprilMayJun_aa3d2b' is clicked on

2023-06-09 18:21:16 - [MESSAGE][PASSED] - Object: 'Object Repository/cogmento/test/Page_Cogmento CRM/span_December' is clicked on

2023-06-09 18:21:17 - [MESSAGE][PASSED] - Text '2001' is set on object 'Object Repository/cogmento/test/Page_Cogmento CRM/input_December_year'

2023-06-09 18:21:17 - [MESSAGE][PASSED] - com.CreateContact.setBirthDate is PASSED

2023-06-09 18:21:17 - [TEST_STEP][PASSED] - com.CreateContact.submitForm(): com.CreateContact.submitForm is PASSED

2023-06-09 18:21:18 - [MESSAGE][PASSED] - Object: 'Object Repository/cogmento/createContact/button_Save' is clicked on

2023-06-09 18:21:18 - [MESSAGE][PASSED] - com.CreateContact.submitForm is PASSED

2023-06-09 18:21:18 - [TEST_STEP][PASSED] - try: Text '22 December 2001' is present on page 

2023-06-09 18:21:18 - [TEST_STEP][PASSED] - mouseOver(findTestObject("cogmento/createContact/i_Free account_settings icon")): Object: 'Object Repository/cogmento/createContact/i_Free account_settings icon' is hovered

2023-06-09 18:21:21 - [MESSAGE][PASSED] - Object: 'Object Repository/cogmento/createContact/i_Free account_settings icon' is hovered

2023-06-09 18:21:21 - [TEST_STEP][PASSED] - verifyTextPresent(FirstName + " " + LastName, false): Text 'Deep Patel' is present on page 

2023-06-09 18:21:21 - [MESSAGE][PASSED] - Text 'Deep Patel' is present on page 

2023-06-09 18:21:21 - [TEST_STEP][PASSED] - verifyTextPresent(MiddleName, false): Text 'Rakeshbhai' is present on page 

2023-06-09 18:21:21 - [MESSAGE][PASSED] - Text 'Rakeshbhai' is present on page 

2023-06-09 18:21:21 - [TEST_STEP][PASSED] - verifyTextPresent(Email, false): Text 'deep@gmail.com' is present on page 

2023-06-09 18:21:22 - [MESSAGE][PASSED] - Text 'deep@gmail.com' is present on page 

2023-06-09 18:21:22 - [TEST_STEP][PASSED] - verifyTextPresent(BirthDay + " " + BirthMonth + " " + BirthYear, false): Text '22 December 2001' is present on page 

2023-06-09 18:21:22 - [MESSAGE][PASSED] - Text '22 December 2001' is present on page 

2023-06-09 18:21:22 - [TEST_STEP][PASSED] - Start tear down : logout: Method 'logout' complete successfully

2023-06-09 18:21:22 - [TEST_STEP][PASSED] - com.CreateContact.logout(): com.CreateContact.logout is PASSED

2023-06-09 18:21:22 - [MESSAGE][PASSED] - Wait for page load successfully

2023-06-09 18:21:23 - [MESSAGE][PASSED] - Object: 'Object Repository/cogmento/createContact/i_Free account_settings icon' is clicked on

2023-06-09 18:21:23 - [MESSAGE][PASSED] - Object: 'Object Repository/cogmento/createContact/span_Log Out' is clicked on

2023-06-09 18:21:27 - [MESSAGE][PASSED] - Text 'Forgot your password?' is present on page 

2023-06-09 18:21:27 - [MESSAGE][PASSED] - com.CreateContact.logout is PASSED

2023-06-09 18:21:27 - [MESSAGE][PASSED] - Method 'logout' complete successfully

2023-06-09 18:21:27 - [TEST_STEP][PASSED] - Start listener action : assertmessage: null

2023-06-09 18:21:27 - [TEST_STEP][PASSED] - println("Testcase Run successfully."): null]]></system-out>
         <system-err><![CDATA[]]></system-err>
      </testcase>
      <testcase name="Test Cases/createContact" time="25.86" classname="Test Cases/createContact" status="PASSED">
         <system-out><![CDATA[2023-06-09 18:21:27 - [TEST_CASE][PASSED] - Test Cases/createContact: Test Cases/createContact

2023-06-09 18:21:27 - [TEST_STEP][PASSED] - Start listener action : maximize: Current window maximized

2023-06-09 18:21:27 - [TEST_STEP][PASSED] - maximizeWindow(): Current window maximized

2023-06-09 18:21:27 - [MESSAGE][PASSED] - Current window maximized

2023-06-09 18:21:27 - [TEST_STEP][PASSED] - Start setup action : login: Method 'login' complete successfully

2023-06-09 18:21:27 - [TEST_STEP][PASSED] - navigateToUrl(URL): Navigate to 'https://ui.cogmento.com/' successfully

2023-06-09 18:21:29 - [MESSAGE][PASSED] - Navigate to 'https://ui.cogmento.com/' successfully

2023-06-09 18:21:29 - [TEST_STEP][PASSED] - com.CreateContact.Login(username, password): com.CreateContact.Login is PASSED

2023-06-09 18:21:30 - [MESSAGE][PASSED] - Text 'deep.p@simformsolutions.com' is set on object 'Object Repository/cogmento/createContact/input_Login_email'

2023-06-09 18:21:31 - [MESSAGE][PASSED] - Text 'Deep@123' is set on object 'Object Repository/cogmento/createContact/input_Login_password'

2023-06-09 18:21:31 - [MESSAGE][PASSED] - Object: 'Object Repository/cogmento/createContact/div_Login' is clicked on

2023-06-09 18:21:31 - [MESSAGE][PASSED] - com.CreateContact.Login is PASSED

2023-06-09 18:21:31 - [MESSAGE][PASSED] - Method 'login' complete successfully

2023-06-09 18:21:31 - [TEST_STEP][PASSED] - verifyMatch(getUrl(), URL, false): Actual text 'https://ui.cogmento.com/' and expected text 'https://ui.cogmento.com/' are matched 

2023-06-09 18:21:31 - [MESSAGE][PASSED] - Current window's url is: 'https://ui.cogmento.com/'

2023-06-09 18:21:31 - [MESSAGE][PASSED] - Actual text 'https://ui.cogmento.com/' and expected text 'https://ui.cogmento.com/' are matched 

2023-06-09 18:21:31 - [TEST_STEP][PASSED] - assert getWindowTitle() == "Cogmento CRM": Current window's title is: 'Cogmento CRM'

2023-06-09 18:21:31 - [MESSAGE][PASSED] - Current window's title is: 'Cogmento CRM'

2023-06-09 18:21:31 - [TEST_STEP][PASSED] - com.CreateContact.enterbasicdetails(FirstName, LastName, MiddleName, Email): com.CreateContact.enterbasicdetails is PASSED

2023-06-09 18:21:34 - [MESSAGE][PASSED] - Object: 'Object Repository/cogmento/createContact/i_Calendar_users icon' is clicked on

2023-06-09 18:21:35 - [MESSAGE][PASSED] - Object: 'Object Repository/cogmento/createContact/button_Create' is clicked on

2023-06-09 18:21:36 - [MESSAGE][PASSED] - Text 'Dharm' is set on object 'Object Repository/cogmento/createContact/input_First Name_first_name'

2023-06-09 18:21:37 - [MESSAGE][PASSED] - Text 'Patel' is set on object 'Object Repository/cogmento/createContact/input_Last Name_last_name'

2023-06-09 18:21:38 - [MESSAGE][PASSED] - Text 'Keyurkumar' is set on object 'Object Repository/cogmento/test/Page_Cogmento CRM/input_Middle Name(s)_middle_name'

2023-06-09 18:21:40 - [MESSAGE][PASSED] - Text 'dharm@gmail.com' is set on object 'Object Repository/cogmento/test/Page_Cogmento CRM/input_Email_value'

2023-06-09 18:21:40 - [MESSAGE][PASSED] - com.CreateContact.enterbasicdetails is PASSED

2023-06-09 18:21:40 - [TEST_STEP][PASSED] - com.CreateContact.setDND(Call, Text, DoEmail): com.CreateContact.setDND is PASSED

2023-06-09 18:21:40 - [MESSAGE][PASSED] - Object: 'Object Repository/cogmento/test/Page_Cogmento CRM/label_Do not Text' is clicked on

2023-06-09 18:21:42 - [MESSAGE][INFO] - Unable to find the element located by 'By.xpath: //div[@class='ui toggle checkbox']//label[contains(text(),'Do not Mail')]'. Please recheck the objects properties to make sure the desired element is located. 

2023-06-09 18:21:42 - [MESSAGE][WARNING] - [SELF-HEALING] Failed to find element with id 'Object Repository/cogmento/test/Page_Cogmento CRM/label_Do not Email'. Try using Self-healing.

2023-06-09 18:21:42 - [MESSAGE][WARNING] - [SELF-HEALING] The current locator of test object 'Object Repository/cogmento/test/Page_Cogmento CRM/label_Do not Email' was broken. Propose an alternative one: '//div[@id='main-content']/div/div[2]/form/div[12]/div/div/div/label'.

2023-06-09 18:21:42 - [MESSAGE][PASSED] - Object: 'Object Repository/cogmento/test/Page_Cogmento CRM/label_Do not Email' is clicked on

2023-06-09 18:21:42 - [MESSAGE][PASSED] - com.CreateContact.setDND is PASSED

2023-06-09 18:21:42 - [TEST_STEP][PASSED] - com.CreateContact.setBirthDate(BirthDay, BirthMonth, BirthYear): com.CreateContact.setBirthDate is PASSED

2023-06-09 18:21:43 - [MESSAGE][PASSED] - Text '13' is set on object 'Object Repository/cogmento/test/Page_Cogmento CRM/input_Birthday_day'

2023-06-09 18:21:43 - [MESSAGE][PASSED] - Object: 'Object Repository/cogmento/test/Page_Cogmento CRM/div_October JanuaryFebruaryMarchAprilMayJun_aa3d2b' is clicked on

2023-06-09 18:21:44 - [MESSAGE][PASSED] - Object: 'Object Repository/cogmento/test/Page_Cogmento CRM/span_December' is clicked on

2023-06-09 18:21:45 - [MESSAGE][PASSED] - Text '2002' is set on object 'Object Repository/cogmento/test/Page_Cogmento CRM/input_December_year'

2023-06-09 18:21:45 - [MESSAGE][PASSED] - com.CreateContact.setBirthDate is PASSED

2023-06-09 18:21:45 - [TEST_STEP][PASSED] - com.CreateContact.submitForm(): com.CreateContact.submitForm is PASSED

2023-06-09 18:21:45 - [MESSAGE][PASSED] - Object: 'Object Repository/cogmento/createContact/button_Save' is clicked on

2023-06-09 18:21:45 - [MESSAGE][PASSED] - com.CreateContact.submitForm is PASSED

2023-06-09 18:21:45 - [TEST_STEP][PASSED] - try: Text '13 January 2002' is present on page 

2023-06-09 18:21:45 - [TEST_STEP][PASSED] - mouseOver(findTestObject("cogmento/createContact/i_Free account_settings icon")): Object: 'Object Repository/cogmento/createContact/i_Free account_settings icon' is hovered

2023-06-09 18:21:48 - [MESSAGE][PASSED] - Object: 'Object Repository/cogmento/createContact/i_Free account_settings icon' is hovered

2023-06-09 18:21:48 - [TEST_STEP][PASSED] - verifyTextPresent(FirstName + " " + LastName, false): Text 'Dharm Patel' is present on page 

2023-06-09 18:21:48 - [MESSAGE][PASSED] - Text 'Dharm Patel' is present on page 

2023-06-09 18:21:48 - [TEST_STEP][PASSED] - verifyTextPresent(MiddleName, false): Text 'Keyurkumar' is present on page 

2023-06-09 18:21:49 - [MESSAGE][PASSED] - Text 'Keyurkumar' is present on page 

2023-06-09 18:21:49 - [TEST_STEP][PASSED] - verifyTextPresent(Email, false): Text 'dharm@gmail.com' is present on page 

2023-06-09 18:21:49 - [MESSAGE][PASSED] - Text 'dharm@gmail.com' is present on page 

2023-06-09 18:21:49 - [TEST_STEP][PASSED] - verifyTextPresent(BirthDay + " " + BirthMonth + " " + BirthYear, false): Text '13 January 2002' is present on page 

2023-06-09 18:21:49 - [MESSAGE][PASSED] - Text '13 January 2002' is present on page 

2023-06-09 18:21:49 - [TEST_STEP][PASSED] - Start tear down : logout: Method 'logout' complete successfully

2023-06-09 18:21:49 - [TEST_STEP][PASSED] - com.CreateContact.logout(): com.CreateContact.logout is PASSED

2023-06-09 18:21:50 - [MESSAGE][PASSED] - Wait for page load successfully

2023-06-09 18:21:50 - [MESSAGE][PASSED] - Object: 'Object Repository/cogmento/createContact/i_Free account_settings icon' is clicked on

2023-06-09 18:21:50 - [MESSAGE][PASSED] - Object: 'Object Repository/cogmento/createContact/span_Log Out' is clicked on

2023-06-09 18:21:53 - [MESSAGE][PASSED] - Text 'Forgot your password?' is present on page 

2023-06-09 18:21:53 - [MESSAGE][PASSED] - com.CreateContact.logout is PASSED

2023-06-09 18:21:53 - [MESSAGE][PASSED] - Method 'logout' complete successfully

2023-06-09 18:21:53 - [TEST_STEP][PASSED] - Start listener action : assertmessage: null

2023-06-09 18:21:53 - [TEST_STEP][PASSED] - println("Testcase Run successfully."): null]]></system-out>
         <system-err><![CDATA[]]></system-err>
      </testcase>
      <testcase name="Test Cases/createContact" time="26.012" classname="Test Cases/createContact" status="PASSED">
         <system-out><![CDATA[2023-06-09 18:21:53 - [TEST_CASE][PASSED] - Test Cases/createContact: Test Cases/createContact

2023-06-09 18:21:53 - [TEST_STEP][PASSED] - Start listener action : maximize: Current window maximized

2023-06-09 18:21:53 - [TEST_STEP][PASSED] - maximizeWindow(): Current window maximized

2023-06-09 18:21:53 - [MESSAGE][PASSED] - Current window maximized

2023-06-09 18:21:53 - [TEST_STEP][PASSED] - Start setup action : login: Method 'login' complete successfully

2023-06-09 18:21:53 - [TEST_STEP][PASSED] - navigateToUrl(URL): Navigate to 'https://ui.cogmento.com/' successfully

2023-06-09 18:21:55 - [MESSAGE][PASSED] - Navigate to 'https://ui.cogmento.com/' successfully

2023-06-09 18:21:55 - [TEST_STEP][PASSED] - com.CreateContact.Login(username, password): com.CreateContact.Login is PASSED

2023-06-09 18:21:56 - [MESSAGE][PASSED] - Text 'deep.p@simformsolutions.com' is set on object 'Object Repository/cogmento/createContact/input_Login_email'

2023-06-09 18:21:57 - [MESSAGE][PASSED] - Text 'Deep@123' is set on object 'Object Repository/cogmento/createContact/input_Login_password'

2023-06-09 18:21:57 - [MESSAGE][PASSED] - Object: 'Object Repository/cogmento/createContact/div_Login' is clicked on

2023-06-09 18:21:57 - [MESSAGE][PASSED] - com.CreateContact.Login is PASSED

2023-06-09 18:21:57 - [MESSAGE][PASSED] - Method 'login' complete successfully

2023-06-09 18:21:57 - [TEST_STEP][PASSED] - verifyMatch(getUrl(), URL, false): Actual text 'https://ui.cogmento.com/' and expected text 'https://ui.cogmento.com/' are matched 

2023-06-09 18:21:57 - [MESSAGE][PASSED] - Current window's url is: 'https://ui.cogmento.com/'

2023-06-09 18:21:57 - [MESSAGE][PASSED] - Actual text 'https://ui.cogmento.com/' and expected text 'https://ui.cogmento.com/' are matched 

2023-06-09 18:21:57 - [TEST_STEP][PASSED] - assert getWindowTitle() == "Cogmento CRM": Current window's title is: 'Cogmento CRM'

2023-06-09 18:21:57 - [MESSAGE][PASSED] - Current window's title is: 'Cogmento CRM'

2023-06-09 18:21:57 - [TEST_STEP][PASSED] - com.CreateContact.enterbasicdetails(FirstName, LastName, MiddleName, Email): com.CreateContact.enterbasicdetails is PASSED

2023-06-09 18:22:00 - [MESSAGE][PASSED] - Object: 'Object Repository/cogmento/createContact/i_Calendar_users icon' is clicked on

2023-06-09 18:22:01 - [MESSAGE][PASSED] - Object: 'Object Repository/cogmento/createContact/button_Create' is clicked on

2023-06-09 18:22:02 - [MESSAGE][PASSED] - Text 'Kunj' is set on object 'Object Repository/cogmento/createContact/input_First Name_first_name'

2023-06-09 18:22:03 - [MESSAGE][PASSED] - Text 'Kaneria' is set on object 'Object Repository/cogmento/createContact/input_Last Name_last_name'

2023-06-09 18:22:05 - [MESSAGE][PASSED] - Text 'Prafulkumar' is set on object 'Object Repository/cogmento/test/Page_Cogmento CRM/input_Middle Name(s)_middle_name'

2023-06-09 18:22:06 - [MESSAGE][PASSED] - Text 'kunj@gmail.com' is set on object 'Object Repository/cogmento/test/Page_Cogmento CRM/input_Email_value'

2023-06-09 18:22:06 - [MESSAGE][PASSED] - com.CreateContact.enterbasicdetails is PASSED

2023-06-09 18:22:06 - [TEST_STEP][PASSED] - com.CreateContact.setDND(Call, Text, DoEmail): com.CreateContact.setDND is PASSED

2023-06-09 18:22:07 - [MESSAGE][INFO] - Unable to find the element located by 'By.xpath: //div[@class='ui toggle checkbox']//label[contains(text(),'Do not Mail')]'. Please recheck the objects properties to make sure the desired element is located. 

2023-06-09 18:22:07 - [MESSAGE][WARNING] - [SELF-HEALING] Failed to find element with id 'Object Repository/cogmento/test/Page_Cogmento CRM/label_Do not Email'. Try using Self-healing.

2023-06-09 18:22:08 - [MESSAGE][WARNING] - [SELF-HEALING] The current locator of test object 'Object Repository/cogmento/test/Page_Cogmento CRM/label_Do not Email' was broken. Propose an alternative one: '//div[@id='main-content']/div/div[2]/form/div[12]/div/div/div/label'.

2023-06-09 18:22:08 - [MESSAGE][PASSED] - Object: 'Object Repository/cogmento/test/Page_Cogmento CRM/label_Do not Email' is clicked on

2023-06-09 18:22:08 - [MESSAGE][PASSED] - com.CreateContact.setDND is PASSED

2023-06-09 18:22:08 - [TEST_STEP][PASSED] - com.CreateContact.setBirthDate(BirthDay, BirthMonth, BirthYear): com.CreateContact.setBirthDate is PASSED

2023-06-09 18:22:09 - [MESSAGE][PASSED] - Text '24' is set on object 'Object Repository/cogmento/test/Page_Cogmento CRM/input_Birthday_day'

2023-06-09 18:22:09 - [MESSAGE][PASSED] - Object: 'Object Repository/cogmento/test/Page_Cogmento CRM/div_October JanuaryFebruaryMarchAprilMayJun_aa3d2b' is clicked on

2023-06-09 18:22:10 - [MESSAGE][PASSED] - Object: 'Object Repository/cogmento/test/Page_Cogmento CRM/span_December' is clicked on

2023-06-09 18:22:11 - [MESSAGE][PASSED] - Text '2003' is set on object 'Object Repository/cogmento/test/Page_Cogmento CRM/input_December_year'

2023-06-09 18:22:11 - [MESSAGE][PASSED] - com.CreateContact.setBirthDate is PASSED

2023-06-09 18:22:11 - [TEST_STEP][PASSED] - com.CreateContact.submitForm(): com.CreateContact.submitForm is PASSED

2023-06-09 18:22:11 - [MESSAGE][PASSED] - Object: 'Object Repository/cogmento/createContact/button_Save' is clicked on

2023-06-09 18:22:11 - [MESSAGE][PASSED] - com.CreateContact.submitForm is PASSED

2023-06-09 18:22:11 - [TEST_STEP][PASSED] - try: Text '24 February 2003' is present on page 

2023-06-09 18:22:11 - [TEST_STEP][PASSED] - mouseOver(findTestObject("cogmento/createContact/i_Free account_settings icon")): Object: 'Object Repository/cogmento/createContact/i_Free account_settings icon' is hovered

2023-06-09 18:22:13 - [MESSAGE][PASSED] - Object: 'Object Repository/cogmento/createContact/i_Free account_settings icon' is hovered

2023-06-09 18:22:13 - [TEST_STEP][PASSED] - verifyTextPresent(FirstName + " " + LastName, false): Text 'Kunj Kaneria' is present on page 

2023-06-09 18:22:14 - [MESSAGE][PASSED] - Text 'Kunj Kaneria' is present on page 

2023-06-09 18:22:14 - [TEST_STEP][PASSED] - verifyTextPresent(MiddleName, false): Text 'Prafulkumar' is present on page 

2023-06-09 18:22:14 - [MESSAGE][PASSED] - Text 'Prafulkumar' is present on page 

2023-06-09 18:22:14 - [TEST_STEP][PASSED] - verifyTextPresent(Email, false): Text 'kunj@gmail.com' is present on page 

2023-06-09 18:22:15 - [MESSAGE][PASSED] - Text 'kunj@gmail.com' is present on page 

2023-06-09 18:22:15 - [TEST_STEP][PASSED] - verifyTextPresent(BirthDay + " " + BirthMonth + " " + BirthYear, false): Text '24 February 2003' is present on page 

2023-06-09 18:22:15 - [MESSAGE][PASSED] - Text '24 February 2003' is present on page 

2023-06-09 18:22:15 - [TEST_STEP][PASSED] - Start tear down : logout: Method 'logout' complete successfully

2023-06-09 18:22:15 - [TEST_STEP][PASSED] - com.CreateContact.logout(): com.CreateContact.logout is PASSED

2023-06-09 18:22:15 - [MESSAGE][PASSED] - Wait for page load successfully

2023-06-09 18:22:16 - [MESSAGE][PASSED] - Object: 'Object Repository/cogmento/createContact/i_Free account_settings icon' is clicked on

2023-06-09 18:22:16 - [MESSAGE][PASSED] - Object: 'Object Repository/cogmento/createContact/span_Log Out' is clicked on

2023-06-09 18:22:19 - [MESSAGE][PASSED] - Text 'Forgot your password?' is present on page 

2023-06-09 18:22:19 - [MESSAGE][PASSED] - com.CreateContact.logout is PASSED

2023-06-09 18:22:19 - [MESSAGE][PASSED] - Method 'logout' complete successfully

2023-06-09 18:22:19 - [TEST_STEP][PASSED] - Start listener action : assertmessage: null

2023-06-09 18:22:19 - [TEST_STEP][PASSED] - println("Testcase Run successfully."): null]]></system-out>
         <system-err><![CDATA[]]></system-err>
      </testcase>
      <system-out><![CDATA[2023-06-09 18:20:55 - [TEST_SUITE][PASSED] - Create Contact: Test Cases/createContact]]></system-out>
      <system-err><![CDATA[]]></system-err>
   </testsuite>
</testsuites>
