<?xml version="1.0" encoding="UTF-8"?>
<testsuites name="Create Contact" time="80.455" tests="3" failures="0" errors="0">
   <testsuite name="Create Contact" tests="3" failures="0" errors="0" time="80.455" skipped="0" timestamp="2023-06-09 18:49:04" hostname="deep - SF-CPU-460" id="Test Suites/Create Contact">
      <properties>
         <property name="deviceName" value=""/>
         <property name="devicePlatform" value=""/>
         <property name="logFolder" value="/home/deep/git/FinalAssignmentKatalon/Reports/20230609_184856/Create Contact/20230609_184857"/>
         <property name="logFiles" value="/home/deep/git/FinalAssignmentKatalon/Reports/20230609_184856/Create Contact/20230609_184857/execution0.log"/>
         <property name="attachments" value=""/>
         <property name="hostName" value="deep - SF-CPU-460"/>
         <property name="os" value="Linux 64bit"/>
         <property name="katalonVersion" value="8.6.0.208"/>
         <property name="browser" value="Chrome 109.0.0.0"/>
         <property name="hostAddress" value="127.0.1.1"/>
         <property name="sessionId" value="a82122abfe2a1aab87a61d1cb280fc47"/>
         <property name="seleniumVersion" value="3.141.59"/>
         <property name="proxyInformation" value="ProxyInformation { proxyOption=NO_PROXY, proxyServerType=HTTP, username=, password=********, proxyServerAddress=, proxyServerPort=0, executionList=&quot;&quot;, isApplyToDesiredCapabilities=true }"/>
         <property name="platform" value="Linux"/>
      </properties>
      <testcase name="Test Cases/createContact" time="29.026" classname="Test Cases/createContact" status="PASSED">
         <system-out><![CDATA[2023-06-09 18:49:06 - [TEST_CASE][PASSED] - Test Cases/createContact: Test Cases/createContact

2023-06-09 18:49:06 - [TEST_STEP][PASSED] - Start listener action : maximize: Current window maximized

2023-06-09 18:49:06 - [TEST_STEP][PASSED] - maximizeWindow(): Current window maximized

2023-06-09 18:49:06 - [MESSAGE][PASSED] - Current window maximized

2023-06-09 18:49:06 - [TEST_STEP][PASSED] - Start setup action : login: Method 'login' complete successfully

2023-06-09 18:49:06 - [TEST_STEP][PASSED] - navigateToUrl(URL): Navigate to 'https://ui.cogmento.com/' successfully

2023-06-09 18:49:10 - [MESSAGE][PASSED] - Navigate to 'https://ui.cogmento.com/' successfully

2023-06-09 18:49:10 - [TEST_STEP][PASSED] - com.CreateContact.Login(username, password): com.CreateContact.Login is PASSED

2023-06-09 18:49:11 - [MESSAGE][PASSED] - Text 'deep.p@simformsolutions.com' is set on object 'Object Repository/cogmento/createContact/input_Login_email'

2023-06-09 18:49:12 - [MESSAGE][PASSED] - Text 'Deep@123' is set on object 'Object Repository/cogmento/createContact/input_Login_password'

2023-06-09 18:49:12 - [MESSAGE][PASSED] - Object: 'Object Repository/cogmento/createContact/div_Login' is clicked on

2023-06-09 18:49:12 - [MESSAGE][PASSED] - com.CreateContact.Login is PASSED

2023-06-09 18:49:12 - [MESSAGE][PASSED] - Method 'login' complete successfully

2023-06-09 18:49:12 - [TEST_STEP][PASSED] - verifyMatch(getUrl(), URL, false): Actual text 'https://ui.cogmento.com/' and expected text 'https://ui.cogmento.com/' are matched 

2023-06-09 18:49:12 - [MESSAGE][PASSED] - Current window's url is: 'https://ui.cogmento.com/'

2023-06-09 18:49:12 - [MESSAGE][PASSED] - Actual text 'https://ui.cogmento.com/' and expected text 'https://ui.cogmento.com/' are matched 

2023-06-09 18:49:12 - [TEST_STEP][PASSED] - assert getWindowTitle() == "Cogmento CRM": Current window's title is: 'Cogmento CRM'

2023-06-09 18:49:12 - [MESSAGE][PASSED] - Current window's title is: 'Cogmento CRM'

2023-06-09 18:49:12 - [TEST_STEP][PASSED] - com.CreateContact.enterbasicdetails(FirstName, LastName, MiddleName, Email): com.CreateContact.enterbasicdetails is PASSED

2023-06-09 18:49:16 - [MESSAGE][PASSED] - Object: 'Object Repository/cogmento/createContact/i_Calendar_users icon' is clicked on

2023-06-09 18:49:18 - [MESSAGE][PASSED] - Object: 'Object Repository/cogmento/createContact/button_Create' is clicked on

2023-06-09 18:49:19 - [MESSAGE][PASSED] - Text 'Deep' is set on object 'Object Repository/cogmento/createContact/input_First Name_first_name'

2023-06-09 18:49:20 - [MESSAGE][PASSED] - Text 'Patel' is set on object 'Object Repository/cogmento/createContact/input_Last Name_last_name'

2023-06-09 18:49:21 - [MESSAGE][PASSED] - Text 'Rakeshbhai' is set on object 'Object Repository/cogmento/test/Page_Cogmento CRM/input_Middle Name(s)_middle_name'

2023-06-09 18:49:22 - [MESSAGE][PASSED] - Text 'deep@gmail.com' is set on object 'Object Repository/cogmento/test/Page_Cogmento CRM/input_Email_value'

2023-06-09 18:49:22 - [MESSAGE][PASSED] - com.CreateContact.enterbasicdetails is PASSED

2023-06-09 18:49:22 - [TEST_STEP][PASSED] - com.CreateContact.setDND(Call, Text, DoEmail): com.CreateContact.setDND is PASSED

2023-06-09 18:49:23 - [MESSAGE][PASSED] - Object: 'Object Repository/cogmento/test/Page_Cogmento CRM/Page_Cogmento CRM/label_Do not Call' is clicked on

2023-06-09 18:49:23 - [MESSAGE][PASSED] - Object: 'Object Repository/cogmento/test/Page_Cogmento CRM/label_Do not Text' is clicked on

2023-06-09 18:49:23 - [MESSAGE][PASSED] - com.CreateContact.setDND is PASSED

2023-06-09 18:49:23 - [TEST_STEP][PASSED] - com.CreateContact.setBirthDate(BirthDay, BirthMonth, BirthYear): com.CreateContact.setBirthDate is PASSED

2023-06-09 18:49:24 - [MESSAGE][PASSED] - Text '22' is set on object 'Object Repository/cogmento/test/Page_Cogmento CRM/input_Birthday_day'

2023-06-09 18:49:25 - [MESSAGE][PASSED] - Object: 'Object Repository/cogmento/test/Page_Cogmento CRM/div_October JanuaryFebruaryMarchAprilMayJun_aa3d2b' is clicked on

2023-06-09 18:49:25 - [MESSAGE][PASSED] - Object: 'Object Repository/cogmento/test/Page_Cogmento CRM/span_December' is clicked on

2023-06-09 18:49:26 - [MESSAGE][PASSED] - Text '2001' is set on object 'Object Repository/cogmento/test/Page_Cogmento CRM/input_December_year'

2023-06-09 18:49:26 - [MESSAGE][PASSED] - com.CreateContact.setBirthDate is PASSED

2023-06-09 18:49:26 - [TEST_STEP][PASSED] - com.CreateContact.submitForm(): com.CreateContact.submitForm is PASSED

2023-06-09 18:49:27 - [MESSAGE][PASSED] - Object: 'Object Repository/cogmento/createContact/button_Save' is clicked on

2023-06-09 18:49:27 - [MESSAGE][PASSED] - com.CreateContact.submitForm is PASSED

2023-06-09 18:49:27 - [TEST_STEP][PASSED] - try: Text '22 December 2001' is present on page 

2023-06-09 18:49:27 - [TEST_STEP][PASSED] - mouseOver(findTestObject("cogmento/createContact/i_Free account_settings icon")): Object: 'Object Repository/cogmento/createContact/i_Free account_settings icon' is hovered

2023-06-09 18:49:29 - [MESSAGE][PASSED] - Object: 'Object Repository/cogmento/createContact/i_Free account_settings icon' is hovered

2023-06-09 18:49:29 - [TEST_STEP][PASSED] - verifyTextPresent(FirstName + " " + LastName, false): Text 'Deep Patel' is present on page 

2023-06-09 18:49:30 - [MESSAGE][PASSED] - Text 'Deep Patel' is present on page 

2023-06-09 18:49:30 - [TEST_STEP][PASSED] - verifyTextPresent(MiddleName, false): Text 'Rakeshbhai' is present on page 

2023-06-09 18:49:30 - [MESSAGE][PASSED] - Text 'Rakeshbhai' is present on page 

2023-06-09 18:49:30 - [TEST_STEP][PASSED] - verifyTextPresent(Email, false): Text 'deep@gmail.com' is present on page 

2023-06-09 18:49:31 - [MESSAGE][PASSED] - Text 'deep@gmail.com' is present on page 

2023-06-09 18:49:31 - [TEST_STEP][PASSED] - verifyTextPresent(BirthDay + " " + BirthMonth + " " + BirthYear, false): Text '22 December 2001' is present on page 

2023-06-09 18:49:31 - [MESSAGE][PASSED] - Text '22 December 2001' is present on page 

2023-06-09 18:49:31 - [TEST_STEP][PASSED] - Start tear down : logout: Method 'logout' complete successfully

2023-06-09 18:49:31 - [TEST_STEP][PASSED] - com.CreateContact.logout(): com.CreateContact.logout is PASSED

2023-06-09 18:49:31 - [MESSAGE][PASSED] - Wait for page load successfully

2023-06-09 18:49:32 - [MESSAGE][PASSED] - Object: 'Object Repository/cogmento/createContact/i_Free account_settings icon' is clicked on

2023-06-09 18:49:32 - [MESSAGE][PASSED] - Object: 'Object Repository/cogmento/createContact/span_Log Out' is clicked on

2023-06-09 18:49:35 - [MESSAGE][PASSED] - Text 'Forgot your password?' is present on page 

2023-06-09 18:49:35 - [MESSAGE][PASSED] - com.CreateContact.logout is PASSED

2023-06-09 18:49:35 - [MESSAGE][PASSED] - Method 'logout' complete successfully

2023-06-09 18:49:35 - [TEST_STEP][PASSED] - Start listener action : assertmessage: null

2023-06-09 18:49:35 - [TEST_STEP][PASSED] - println("Testcase Run successfully."): null]]></system-out>
         <system-err><![CDATA[]]></system-err>
      </testcase>
      <testcase name="Test Cases/createContact" time="25.098" classname="Test Cases/createContact" status="PASSED">
         <system-out><![CDATA[2023-06-09 18:49:35 - [TEST_CASE][PASSED] - Test Cases/createContact: Test Cases/createContact

2023-06-09 18:49:35 - [TEST_STEP][PASSED] - Start listener action : maximize: Current window maximized

2023-06-09 18:49:35 - [TEST_STEP][PASSED] - maximizeWindow(): Current window maximized

2023-06-09 18:49:35 - [MESSAGE][PASSED] - Current window maximized

2023-06-09 18:49:35 - [TEST_STEP][PASSED] - Start setup action : login: Method 'login' complete successfully

2023-06-09 18:49:35 - [TEST_STEP][PASSED] - navigateToUrl(URL): Navigate to 'https://ui.cogmento.com/' successfully

2023-06-09 18:49:36 - [MESSAGE][PASSED] - Navigate to 'https://ui.cogmento.com/' successfully

2023-06-09 18:49:36 - [TEST_STEP][PASSED] - com.CreateContact.Login(username, password): com.CreateContact.Login is PASSED

2023-06-09 18:49:37 - [MESSAGE][PASSED] - Text 'deep.p@simformsolutions.com' is set on object 'Object Repository/cogmento/createContact/input_Login_email'

2023-06-09 18:49:38 - [MESSAGE][PASSED] - Text 'Deep@123' is set on object 'Object Repository/cogmento/createContact/input_Login_password'

2023-06-09 18:49:39 - [MESSAGE][PASSED] - Object: 'Object Repository/cogmento/createContact/div_Login' is clicked on

2023-06-09 18:49:39 - [MESSAGE][PASSED] - com.CreateContact.Login is PASSED

2023-06-09 18:49:39 - [MESSAGE][PASSED] - Method 'login' complete successfully

2023-06-09 18:49:39 - [TEST_STEP][PASSED] - verifyMatch(getUrl(), URL, false): Actual text 'https://ui.cogmento.com/' and expected text 'https://ui.cogmento.com/' are matched 

2023-06-09 18:49:39 - [MESSAGE][PASSED] - Current window's url is: 'https://ui.cogmento.com/'

2023-06-09 18:49:39 - [MESSAGE][PASSED] - Actual text 'https://ui.cogmento.com/' and expected text 'https://ui.cogmento.com/' are matched 

2023-06-09 18:49:39 - [TEST_STEP][PASSED] - assert getWindowTitle() == "Cogmento CRM": Current window's title is: 'Cogmento CRM'

2023-06-09 18:49:39 - [MESSAGE][PASSED] - Current window's title is: 'Cogmento CRM'

2023-06-09 18:49:39 - [TEST_STEP][PASSED] - com.CreateContact.enterbasicdetails(FirstName, LastName, MiddleName, Email): com.CreateContact.enterbasicdetails is PASSED

2023-06-09 18:49:41 - [MESSAGE][PASSED] - Object: 'Object Repository/cogmento/createContact/i_Calendar_users icon' is clicked on

2023-06-09 18:49:42 - [MESSAGE][PASSED] - Object: 'Object Repository/cogmento/createContact/button_Create' is clicked on

2023-06-09 18:49:44 - [MESSAGE][PASSED] - Text 'Dharm' is set on object 'Object Repository/cogmento/createContact/input_First Name_first_name'

2023-06-09 18:49:45 - [MESSAGE][PASSED] - Text 'Patel' is set on object 'Object Repository/cogmento/createContact/input_Last Name_last_name'

2023-06-09 18:49:46 - [MESSAGE][PASSED] - Text 'Keyurkumar' is set on object 'Object Repository/cogmento/test/Page_Cogmento CRM/input_Middle Name(s)_middle_name'

2023-06-09 18:49:47 - [MESSAGE][PASSED] - Text 'dharm@gmail.com' is set on object 'Object Repository/cogmento/test/Page_Cogmento CRM/input_Email_value'

2023-06-09 18:49:47 - [MESSAGE][PASSED] - com.CreateContact.enterbasicdetails is PASSED

2023-06-09 18:49:47 - [TEST_STEP][PASSED] - com.CreateContact.setDND(Call, Text, DoEmail): com.CreateContact.setDND is PASSED

2023-06-09 18:49:48 - [MESSAGE][PASSED] - Object: 'Object Repository/cogmento/test/Page_Cogmento CRM/label_Do not Text' is clicked on

2023-06-09 18:49:49 - [MESSAGE][INFO] - Unable to find the element located by 'By.xpath: //div[@class='ui toggle checkbox']//label[contains(text(),'Do not Mail')]'. Please recheck the objects properties to make sure the desired element is located. 

2023-06-09 18:49:49 - [MESSAGE][WARNING] - [SELF-HEALING] Failed to find element with id 'Object Repository/cogmento/test/Page_Cogmento CRM/label_Do not Email'. Try using Self-healing.

2023-06-09 18:49:49 - [MESSAGE][WARNING] - [SELF-HEALING] The current locator of test object 'Object Repository/cogmento/test/Page_Cogmento CRM/label_Do not Email' was broken. Propose an alternative one: '//div[@id='main-content']/div/div[2]/form/div[12]/div/div/div/label'.

2023-06-09 18:49:49 - [MESSAGE][PASSED] - Object: 'Object Repository/cogmento/test/Page_Cogmento CRM/label_Do not Email' is clicked on

2023-06-09 18:49:49 - [MESSAGE][PASSED] - com.CreateContact.setDND is PASSED

2023-06-09 18:49:49 - [TEST_STEP][PASSED] - com.CreateContact.setBirthDate(BirthDay, BirthMonth, BirthYear): com.CreateContact.setBirthDate is PASSED

2023-06-09 18:49:50 - [MESSAGE][PASSED] - Text '13' is set on object 'Object Repository/cogmento/test/Page_Cogmento CRM/input_Birthday_day'

2023-06-09 18:49:51 - [MESSAGE][PASSED] - Object: 'Object Repository/cogmento/test/Page_Cogmento CRM/div_October JanuaryFebruaryMarchAprilMayJun_aa3d2b' is clicked on

2023-06-09 18:49:51 - [MESSAGE][PASSED] - Object: 'Object Repository/cogmento/test/Page_Cogmento CRM/span_December' is clicked on

2023-06-09 18:49:52 - [MESSAGE][PASSED] - Text '2002' is set on object 'Object Repository/cogmento/test/Page_Cogmento CRM/input_December_year'

2023-06-09 18:49:52 - [MESSAGE][PASSED] - com.CreateContact.setBirthDate is PASSED

2023-06-09 18:49:52 - [TEST_STEP][PASSED] - com.CreateContact.submitForm(): com.CreateContact.submitForm is PASSED

2023-06-09 18:49:53 - [MESSAGE][PASSED] - Object: 'Object Repository/cogmento/createContact/button_Save' is clicked on

2023-06-09 18:49:53 - [MESSAGE][PASSED] - com.CreateContact.submitForm is PASSED

2023-06-09 18:49:53 - [TEST_STEP][PASSED] - try: Text '13 January 2002' is present on page 

2023-06-09 18:49:53 - [TEST_STEP][PASSED] - mouseOver(findTestObject("cogmento/createContact/i_Free account_settings icon")): Object: 'Object Repository/cogmento/createContact/i_Free account_settings icon' is hovered

2023-06-09 18:49:55 - [MESSAGE][PASSED] - Object: 'Object Repository/cogmento/createContact/i_Free account_settings icon' is hovered

2023-06-09 18:49:55 - [TEST_STEP][PASSED] - verifyTextPresent(FirstName + " " + LastName, false): Text 'Dharm Patel' is present on page 

2023-06-09 18:49:55 - [MESSAGE][PASSED] - Text 'Dharm Patel' is present on page 

2023-06-09 18:49:55 - [TEST_STEP][PASSED] - verifyTextPresent(MiddleName, false): Text 'Keyurkumar' is present on page 

2023-06-09 18:49:56 - [MESSAGE][PASSED] - Text 'Keyurkumar' is present on page 

2023-06-09 18:49:56 - [TEST_STEP][PASSED] - verifyTextPresent(Email, false): Text 'dharm@gmail.com' is present on page 

2023-06-09 18:49:56 - [MESSAGE][PASSED] - Text 'dharm@gmail.com' is present on page 

2023-06-09 18:49:56 - [TEST_STEP][PASSED] - verifyTextPresent(BirthDay + " " + BirthMonth + " " + BirthYear, false): Text '13 January 2002' is present on page 

2023-06-09 18:49:57 - [MESSAGE][PASSED] - Text '13 January 2002' is present on page 

2023-06-09 18:49:57 - [TEST_STEP][PASSED] - Start tear down : logout: Method 'logout' complete successfully

2023-06-09 18:49:57 - [TEST_STEP][PASSED] - com.CreateContact.logout(): com.CreateContact.logout is PASSED

2023-06-09 18:49:57 - [MESSAGE][PASSED] - Wait for page load successfully

2023-06-09 18:49:57 - [MESSAGE][PASSED] - Object: 'Object Repository/cogmento/createContact/i_Free account_settings icon' is clicked on

2023-06-09 18:49:58 - [MESSAGE][PASSED] - Object: 'Object Repository/cogmento/createContact/span_Log Out' is clicked on

2023-06-09 18:50:00 - [MESSAGE][PASSED] - Text 'Forgot your password?' is present on page 

2023-06-09 18:50:00 - [MESSAGE][PASSED] - com.CreateContact.logout is PASSED

2023-06-09 18:50:00 - [MESSAGE][PASSED] - Method 'logout' complete successfully

2023-06-09 18:50:00 - [TEST_STEP][PASSED] - Start listener action : assertmessage: null

2023-06-09 18:50:00 - [TEST_STEP][PASSED] - println("Testcase Run successfully."): null]]></system-out>
         <system-err><![CDATA[]]></system-err>
      </testcase>
      <testcase name="Test Cases/createContact" time="24.751" classname="Test Cases/createContact" status="PASSED">
         <system-out><![CDATA[2023-06-09 18:50:00 - [TEST_CASE][PASSED] - Test Cases/createContact: Test Cases/createContact

2023-06-09 18:50:00 - [TEST_STEP][PASSED] - Start listener action : maximize: Current window maximized

2023-06-09 18:50:00 - [TEST_STEP][PASSED] - maximizeWindow(): Current window maximized

2023-06-09 18:50:00 - [MESSAGE][PASSED] - Current window maximized

2023-06-09 18:50:00 - [TEST_STEP][PASSED] - Start setup action : login: Method 'login' complete successfully

2023-06-09 18:50:00 - [TEST_STEP][PASSED] - navigateToUrl(URL): Navigate to 'https://ui.cogmento.com/' successfully

2023-06-09 18:50:01 - [MESSAGE][PASSED] - Navigate to 'https://ui.cogmento.com/' successfully

2023-06-09 18:50:01 - [TEST_STEP][PASSED] - com.CreateContact.Login(username, password): com.CreateContact.Login is PASSED

2023-06-09 18:50:02 - [MESSAGE][PASSED] - Text 'deep.p@simformsolutions.com' is set on object 'Object Repository/cogmento/createContact/input_Login_email'

2023-06-09 18:50:03 - [MESSAGE][PASSED] - Text 'Deep@123' is set on object 'Object Repository/cogmento/createContact/input_Login_password'

2023-06-09 18:50:03 - [MESSAGE][PASSED] - Object: 'Object Repository/cogmento/createContact/div_Login' is clicked on

2023-06-09 18:50:03 - [MESSAGE][PASSED] - com.CreateContact.Login is PASSED

2023-06-09 18:50:03 - [MESSAGE][PASSED] - Method 'login' complete successfully

2023-06-09 18:50:03 - [TEST_STEP][PASSED] - verifyMatch(getUrl(), URL, false): Actual text 'https://ui.cogmento.com/' and expected text 'https://ui.cogmento.com/' are matched 

2023-06-09 18:50:03 - [MESSAGE][PASSED] - Current window's url is: 'https://ui.cogmento.com/'

2023-06-09 18:50:03 - [MESSAGE][PASSED] - Actual text 'https://ui.cogmento.com/' and expected text 'https://ui.cogmento.com/' are matched 

2023-06-09 18:50:03 - [TEST_STEP][PASSED] - assert getWindowTitle() == "Cogmento CRM": Current window's title is: 'Cogmento CRM'

2023-06-09 18:50:03 - [MESSAGE][PASSED] - Current window's title is: 'Cogmento CRM'

2023-06-09 18:50:03 - [TEST_STEP][PASSED] - com.CreateContact.enterbasicdetails(FirstName, LastName, MiddleName, Email): com.CreateContact.enterbasicdetails is PASSED

2023-06-09 18:50:06 - [MESSAGE][PASSED] - Object: 'Object Repository/cogmento/createContact/i_Calendar_users icon' is clicked on

2023-06-09 18:50:07 - [MESSAGE][PASSED] - Object: 'Object Repository/cogmento/createContact/button_Create' is clicked on

2023-06-09 18:50:08 - [MESSAGE][PASSED] - Text 'Kunj' is set on object 'Object Repository/cogmento/createContact/input_First Name_first_name'

2023-06-09 18:50:09 - [MESSAGE][PASSED] - Text 'Kaneria' is set on object 'Object Repository/cogmento/createContact/input_Last Name_last_name'

2023-06-09 18:50:10 - [MESSAGE][PASSED] - Text 'Prafulkumar' is set on object 'Object Repository/cogmento/test/Page_Cogmento CRM/input_Middle Name(s)_middle_name'

2023-06-09 18:50:12 - [MESSAGE][PASSED] - Text 'kunj@gmail.com' is set on object 'Object Repository/cogmento/test/Page_Cogmento CRM/input_Email_value'

2023-06-09 18:50:12 - [MESSAGE][PASSED] - com.CreateContact.enterbasicdetails is PASSED

2023-06-09 18:50:12 - [TEST_STEP][PASSED] - com.CreateContact.setDND(Call, Text, DoEmail): com.CreateContact.setDND is PASSED

2023-06-09 18:50:13 - [MESSAGE][INFO] - Unable to find the element located by 'By.xpath: //div[@class='ui toggle checkbox']//label[contains(text(),'Do not Mail')]'. Please recheck the objects properties to make sure the desired element is located. 

2023-06-09 18:50:13 - [MESSAGE][WARNING] - [SELF-HEALING] Failed to find element with id 'Object Repository/cogmento/test/Page_Cogmento CRM/label_Do not Email'. Try using Self-healing.

2023-06-09 18:50:13 - [MESSAGE][WARNING] - [SELF-HEALING] The current locator of test object 'Object Repository/cogmento/test/Page_Cogmento CRM/label_Do not Email' was broken. Propose an alternative one: '//div[@id='main-content']/div/div[2]/form/div[12]/div/div/div/label'.

2023-06-09 18:50:13 - [MESSAGE][PASSED] - Object: 'Object Repository/cogmento/test/Page_Cogmento CRM/label_Do not Email' is clicked on

2023-06-09 18:50:13 - [MESSAGE][PASSED] - com.CreateContact.setDND is PASSED

2023-06-09 18:50:13 - [TEST_STEP][PASSED] - com.CreateContact.setBirthDate(BirthDay, BirthMonth, BirthYear): com.CreateContact.setBirthDate is PASSED

2023-06-09 18:50:14 - [MESSAGE][PASSED] - Text '24' is set on object 'Object Repository/cogmento/test/Page_Cogmento CRM/input_Birthday_day'

2023-06-09 18:50:15 - [MESSAGE][PASSED] - Object: 'Object Repository/cogmento/test/Page_Cogmento CRM/div_October JanuaryFebruaryMarchAprilMayJun_aa3d2b' is clicked on

2023-06-09 18:50:16 - [MESSAGE][PASSED] - Object: 'Object Repository/cogmento/test/Page_Cogmento CRM/span_December' is clicked on

2023-06-09 18:50:17 - [MESSAGE][PASSED] - Text '2003' is set on object 'Object Repository/cogmento/test/Page_Cogmento CRM/input_December_year'

2023-06-09 18:50:17 - [MESSAGE][PASSED] - com.CreateContact.setBirthDate is PASSED

2023-06-09 18:50:17 - [TEST_STEP][PASSED] - com.CreateContact.submitForm(): com.CreateContact.submitForm is PASSED

2023-06-09 18:50:17 - [MESSAGE][PASSED] - Object: 'Object Repository/cogmento/createContact/button_Save' is clicked on

2023-06-09 18:50:17 - [MESSAGE][PASSED] - com.CreateContact.submitForm is PASSED

2023-06-09 18:50:17 - [TEST_STEP][PASSED] - try: Text '24 February 2003' is present on page 

2023-06-09 18:50:17 - [TEST_STEP][PASSED] - mouseOver(findTestObject("cogmento/createContact/i_Free account_settings icon")): Object: 'Object Repository/cogmento/createContact/i_Free account_settings icon' is hovered

2023-06-09 18:50:19 - [MESSAGE][PASSED] - Object: 'Object Repository/cogmento/createContact/i_Free account_settings icon' is hovered

2023-06-09 18:50:19 - [TEST_STEP][PASSED] - verifyTextPresent(FirstName + " " + LastName, false): Text 'Kunj Kaneria' is present on page 

2023-06-09 18:50:20 - [MESSAGE][PASSED] - Text 'Kunj Kaneria' is present on page 

2023-06-09 18:50:20 - [TEST_STEP][PASSED] - verifyTextPresent(MiddleName, false): Text 'Prafulkumar' is present on page 

2023-06-09 18:50:20 - [MESSAGE][PASSED] - Text 'Prafulkumar' is present on page 

2023-06-09 18:50:20 - [TEST_STEP][PASSED] - verifyTextPresent(Email, false): Text 'kunj@gmail.com' is present on page 

2023-06-09 18:50:20 - [MESSAGE][PASSED] - Text 'kunj@gmail.com' is present on page 

2023-06-09 18:50:20 - [TEST_STEP][PASSED] - verifyTextPresent(BirthDay + " " + BirthMonth + " " + BirthYear, false): Text '24 February 2003' is present on page 

2023-06-09 18:50:21 - [MESSAGE][PASSED] - Text '24 February 2003' is present on page 

2023-06-09 18:50:21 - [TEST_STEP][PASSED] - Start tear down : logout: Method 'logout' complete successfully

2023-06-09 18:50:21 - [TEST_STEP][PASSED] - com.CreateContact.logout(): com.CreateContact.logout is PASSED

2023-06-09 18:50:21 - [MESSAGE][PASSED] - Wait for page load successfully

2023-06-09 18:50:21 - [MESSAGE][PASSED] - Object: 'Object Repository/cogmento/createContact/i_Free account_settings icon' is clicked on

2023-06-09 18:50:22 - [MESSAGE][PASSED] - Object: 'Object Repository/cogmento/createContact/span_Log Out' is clicked on

2023-06-09 18:50:25 - [MESSAGE][PASSED] - Text 'Forgot your password?' is present on page 

2023-06-09 18:50:25 - [MESSAGE][PASSED] - com.CreateContact.logout is PASSED

2023-06-09 18:50:25 - [MESSAGE][PASSED] - Method 'logout' complete successfully

2023-06-09 18:50:25 - [TEST_STEP][PASSED] - Start listener action : assertmessage: null

2023-06-09 18:50:25 - [TEST_STEP][PASSED] - println("Testcase Run successfully."): null]]></system-out>
         <system-err><![CDATA[]]></system-err>
      </testcase>
      <system-out><![CDATA[2023-06-09 18:49:04 - [TEST_SUITE][PASSED] - Create Contact: Test Cases/createContact]]></system-out>
      <system-err><![CDATA[]]></system-err>
   </testsuite>
</testsuites>
